;! output_format 5.3
; header 116359945460
; 
;                                   PrimePower 
; 
;                Version R-2020.09-SP4 for linux64 - Feb 24, 2021 
; 
;                     Copyright (c) 1988 - 2021 Synopsys, Inc.
;    This software and the associated documentation are proprietary to Synopsys,
;  Inc. This software may only be used in accordance with the terms and conditions
;  of a written license agreement with Synopsys, Inc. All other use, reproduction,
;             or distribution of this software is strictly prohibited.
;

;
.time_resolution 1
.hier_separator /
.index Pc(aes_core) 1 Pc
20
290
300
1  3.691e-03
305
1  4.337e-19
625
625
1  7.387e-04
635
1  3.082e-03
635
1  4.337e-19
955
955
1  7.388e-04
965
1  2.977e-03
965
1  4.337e-19
1285
1285
1  7.387e-04
1295
1  3.140e-03
1295
1  4.337e-19
1615
1615
1  7.387e-04
1625
1  2.966e-03
1625
1  4.337e-19
1945
1945
1  7.387e-04
1955
1  3.008e-03
1955
1  0.000e+00
2275
2275
1  7.388e-04
2285
1  3.046e-03
2285
1  0.000e+00
2605
2605
1  7.387e-04
2615
1  2.865e-03
2615
1  0.000e+00
2935
2935
1  7.386e-04
2945
1  2.973e-03
2945
1  0.000e+00
3265
3265
1  7.386e-04
3275
1  3.025e-03
3275
1  0.000e+00
3595
3595
1  7.388e-04
3605
1  3.036e-03
3605
1  0.000e+00
3925
3925
1  7.387e-04
3935
1  2.932e-03
3935
1  0.000e+00
4255
4255
1  7.388e-04
4265
1  3.032e-03
4265
1  0.000e+00
4585
4585
1  7.387e-04
4595
1  2.907e-03
4595
1  0.000e+00
4915
4915
1  7.386e-04
4925
1  2.856e-03
4925
1  0.000e+00
5245
5245
1  7.387e-04
5255
1  2.924e-03
5255
1  0.000e+00
5575
5575
1  7.387e-04
5585
1  2.933e-03
5585
1  0.000e+00
5905
5905
1  7.387e-04
5915
1  2.926e-03
5915
1  0.000e+00
6235
6235
1  7.385e-04
6245
1  2.942e-03
6245
1  0.000e+00
6565
6565
1  7.388e-04
6575
1  3.150e-03
6575
1  0.000e+00
6895
6895
1  7.386e-04
6905
1  3.055e-03
6905
1  0.000e+00
7225
7225
1  7.387e-04
7235
1  3.110e-03
7235
1  0.000e+00
7555
7555
1  7.386e-04
7565
1  3.217e-03
7565
1  0.000e+00
7885
7885
1  7.388e-04
7895
1  3.045e-03
7895
1  2.168e-19
8215
8215
1  7.387e-04
8225
1  2.887e-03
8225
1  0.000e+00
8545
8545
1  7.387e-04
8555
1  3.083e-03
8555
1  0.000e+00
8875
8875
1  7.388e-04
8885
1  3.015e-03
8885
1  0.000e+00
9205
9205
1  7.386e-04
9215
1  3.035e-03
9215
1  0.000e+00
9535
9535
1  7.386e-04
9545
1  3.015e-03
9545
1  0.000e+00
9865
9865
1  7.387e-04
9875
1  3.028e-03
9875
1  0.000e+00
10195
10195
1  7.387e-04
10205
1  3.144e-03
10205
1  0.000e+00
10525
10525
1  7.387e-04
10535
1  3.037e-03
10535
1  0.000e+00
10855
10855
1  7.387e-04
10865
1  2.980e-03
10865
1 -2.168e-19
11185
11185
1  7.387e-04
11195
1  3.173e-03
11195
1  0.000e+00
11515
11515
1  7.388e-04
11525
1  3.055e-03
11525
1  0.000e+00
11845
11845
1  7.387e-04
11855
1  3.089e-03
11855
1  0.000e+00
12175
12175
1  7.387e-04
12185
1  3.020e-03
12185
1  0.000e+00
12505
12505
1  7.387e-04
12515
1  3.030e-03
12515
1  0.000e+00
12835
12835
1  7.387e-04
12845
1  2.959e-03
12845
1  0.000e+00
13165
13165
1  7.387e-04
13175
1  3.132e-03
13175
1  0.000e+00
13495
13495
1  7.388e-04
13505
1  2.899e-03
13505
1  0.000e+00
13825
13825
1  7.387e-04
13835
1  3.018e-03
13835
1  0.000e+00
14155
14155
1  7.387e-04
14165
1  2.927e-03
14165
1  0.000e+00
14485
14485
1  7.386e-04
14495
1  3.098e-03
14495
1  0.000e+00
14815
14815
1  7.386e-04
14825
1  3.033e-03
14825
1  0.000e+00
15145
15145
1  7.387e-04
15155
1  2.971e-03
15155
1  0.000e+00
15475
15475
1  7.386e-04
15485
1  3.066e-03
15485
1  0.000e+00
15805
15805
1  7.387e-04
15815
1  3.171e-03
15815
1  0.000e+00
16135
16135
1  7.387e-04
16145
1  2.937e-03
16145
1  0.000e+00
16465
16465
1  7.386e-04
16475
1  2.714e-03
16475
1  0.000e+00
16795
16795
1  7.387e-04
16805
1  2.973e-03
16805
1 -2.168e-19
17125
17125
1  7.387e-04
17135
1  2.913e-03
17135
1  0.000e+00
17455
17455
1  7.387e-04
17465
1  3.010e-03
17465
1  0.000e+00
17785
17785
1  7.386e-04
17795
1  2.947e-03
17795
1  0.000e+00
18115
18115
1  7.386e-04
18125
1  3.063e-03
18125
1  0.000e+00
18445
18445
1  7.386e-04
18455
1  3.062e-03
18455
1  0.000e+00
18775
18775
1  7.387e-04
18785
1  2.730e-03
18785
1  0.000e+00
19105
19105
1  7.386e-04
19115
1  2.961e-03
19115
1  0.000e+00
19435
19435
1  7.387e-04
19445
1  2.949e-03
19445
1  2.168e-19
19765
19765
1  7.387e-04
19775
1  3.077e-03
19775
1  0.000e+00
20095
20095
1  7.387e-04
20105
1  2.929e-03
20105
1  0.000e+00
20425
20425
1  7.387e-04
20435
1  2.982e-03
20435
1  0.000e+00
20755
20755
1  7.386e-04
20765
1  2.947e-03
20765
1  0.000e+00
21085
21085
1  7.386e-04
21095
1  3.030e-03
21095
1  0.000e+00
21415
21415
1  7.386e-04
21425
1  3.054e-03
21425
1  0.000e+00
21745
21745
1  7.387e-04
21755
1  2.875e-03
21755
1  0.000e+00
22075
22075
1  7.388e-04
22085
1  2.966e-03
22085
1  0.000e+00
22405
22405
1  7.388e-04
22415
1  2.782e-03
22415
1  0.000e+00
22735
22735
1  7.387e-04
22745
1  2.999e-03
22745
1  0.000e+00
23065
23065
1  7.387e-04
23075
1  2.934e-03
23075
1  0.000e+00
23395
23395
1  7.387e-04
23405
1  2.691e-03
23405
1  0.000e+00
23725
23725
1  7.387e-04
23735
1  3.015e-03
23735
1  0.000e+00
24055
24055
1  7.387e-04
24065
1  2.965e-03
24065
1  0.000e+00
24385
24385
1  7.386e-04
24395
1  2.797e-03
24395
1  0.000e+00
24715
24715
1  7.387e-04
24725
1  2.982e-03
24725
1  0.000e+00
25045
25045
1  7.387e-04
25055
1  3.057e-03
25055
1  0.000e+00
25375
25375
1  7.387e-04
25385
1  3.017e-03
25385
1  0.000e+00
25705
25705
1  7.386e-04
25715
1  2.871e-03
25715
1  0.000e+00
26035
26035
1  7.387e-04
26045
1  3.068e-03
26045
1  0.000e+00
26365
26365
1  7.386e-04
26375
1  2.870e-03
26375
1  0.000e+00
26695
26695
1  7.387e-04
26705
1  2.979e-03
26705
1  0.000e+00
27025
27025
1  7.386e-04
27035
1  3.022e-03
27035
1  0.000e+00
27355
27355
1  7.387e-04
27365
1  3.135e-03
27365
1  0.000e+00
27685
27685
1  7.386e-04
27695
1  2.902e-03
27695
1  0.000e+00
28015
28015
1  7.387e-04
28025
1  2.999e-03
28025
1  0.000e+00
28345
28345
1  7.387e-04
28355
1  2.864e-03
28355
1  0.000e+00
28675
28675
1  7.387e-04
28685
1  3.126e-03
28685
1  2.168e-19
29005
29005
1  7.387e-04
29015
1  3.100e-03
29015
1  0.000e+00
29335
29335
1  7.387e-04
29345
1  3.024e-03
29345
1  0.000e+00
29665
29665
1  7.386e-04
29675
1  2.957e-03
29675
1  0.000e+00
29995
29995
1  7.387e-04
30005
1  3.077e-03
30005
1  0.000e+00
30325
30325
1  7.387e-04
30335
1  2.937e-03
30335
1  0.000e+00
30655
30655
1  7.387e-04
30665
1  2.958e-03
30665
1  0.000e+00
30985
30985
1  7.387e-04
30995
1  3.021e-03
30995
1 -2.168e-19
31315
31315
1  7.387e-04
31325
1  2.992e-03
31325
1 -2.168e-19
31645
31645
1  7.386e-04
31655
1  2.994e-03
31655
1  0.000e+00
31975
31975
1  7.387e-04
31985
1  3.011e-03
31985
1  0.000e+00
32305
32305
1  7.387e-04
32315
1  3.025e-03
32315
1  0.000e+00
32635
32635
1  7.387e-04
32645
1  2.971e-03
32645
1  0.000e+00
32965
32965
1  7.387e-04
32975
1  3.002e-03
32975
1  0.000e+00
33295
33295
1  7.387e-04
33305
1  2.941e-03
33305
1  0.000e+00
33625
33625
1  7.387e-04
33635
1  2.810e-03
33635
1  0.000e+00
33955
33955
1  7.387e-04
33965
1  3.064e-03
33965
1  0.000e+00
34285
34285
1  7.386e-04
34295
1  2.990e-03
34295
1  0.000e+00
34615
34615
1  7.388e-04
34625
1  2.968e-03
34625
1  0.000e+00
34945
34945
1  7.387e-04
34955
1  2.882e-03
34955
1  0.000e+00
35275
35275
1  7.386e-04
35285
1  3.148e-03
35285
1  0.000e+00
35605
35605
1  7.387e-04
35615
1  2.809e-03
35615
1  0.000e+00
35935
35935
1  7.387e-04
35945
1  2.912e-03
35945
1  0.000e+00
36265
36265
1  7.388e-04
36275
1  3.043e-03
36275
1  0.000e+00
36595
36595
1  7.386e-04
36605
1  3.041e-03
36605
1  0.000e+00
36925
36925
1  7.387e-04
36935
1  2.914e-03
36935
1  0.000e+00
37255
37255
1  7.386e-04
37265
1  2.986e-03
37265
1  0.000e+00
37585
37585
1  7.387e-04
37595
1  3.022e-03
37595
1  0.000e+00
37915
37915
1  7.386e-04
37925
1  2.997e-03
37925
1  0.000e+00
38245
38245
1  7.387e-04
38255
1  3.098e-03
38255
1  0.000e+00
38575
38575
1  7.386e-04
38585
1  2.933e-03
38585
1  0.000e+00
38905
38905
1  7.387e-04
38915
1  2.832e-03
38915
1 -2.168e-19
39235
39235
1  7.387e-04
39245
1  2.981e-03
39245
1  0.000e+00
39565
39565
1  7.388e-04
39575
1  3.063e-03
39575
1  0.000e+00
39895
39895
1  7.388e-04
39905
1  3.019e-03
39905
1  0.000e+00
40225
40225
1  7.386e-04
40235
1  3.179e-03
40235
1  0.000e+00
40555
40555
1  7.386e-04
40565
1  2.919e-03
40565
1  0.000e+00
40885
40885
1  7.387e-04
40895
1  2.904e-03
40895
1  0.000e+00
41215
41215
1  7.386e-04
41225
1  3.032e-03
41225
1  0.000e+00
41545
41545
1  7.386e-04
41555
1  2.911e-03
41555
1  0.000e+00
41875
41875
1  7.388e-04
41885
1  3.171e-03
41885
1  2.168e-19
42205
42205
1  7.387e-04
42215
1  3.122e-03
42215
1  0.000e+00
42535
42535
1  7.389e-04
42545
1  3.000e-03
42545
1  0.000e+00
42865
42865
1  7.386e-04
42875
1  2.852e-03
42875
1  0.000e+00
43195
43195
1  7.387e-04
43205
1  2.872e-03
43205
1  0.000e+00
43525
43525
1  7.387e-04
43535
1  2.910e-03
43535
1  0.000e+00
43855
43855
1  7.387e-04
43865
1  3.049e-03
43865
1  0.000e+00
44185
44185
1  7.386e-04
44195
1  3.067e-03
44195
1  0.000e+00
44515
44515
1  7.386e-04
44525
1  2.864e-03
44525
1  0.000e+00
44845
44845
1  7.386e-04
44855
1  3.087e-03
44855
1  0.000e+00
45175
45175
1  7.387e-04
45185
1  3.075e-03
45185
1  0.000e+00
45505
45505
1  7.387e-04
45515
1  3.141e-03
45515
1 -2.168e-19
45835
45835
1  7.388e-04
45845
1  3.138e-03
45845
1  0.000e+00
46165
46165
1  7.387e-04
46175
1  3.117e-03
46175
1  0.000e+00
46495
46495
1  7.387e-04
46505
1  2.896e-03
46505
1 -2.168e-19
46825
46825
1  7.386e-04
46835
1  3.186e-03
46835
1  0.000e+00
47155
47155
1  7.387e-04
47165
1  3.101e-03
47165
1 -2.168e-19
47485
47485
1  7.387e-04
47495
1  2.947e-03
47495
1  0.000e+00
47815
47815
1  7.386e-04
47825
1  3.019e-03
47825
1  0.000e+00
48145
48145
1  7.386e-04
48155
1  2.994e-03
48155
1  0.000e+00
48475
48475
1  7.387e-04
48485
1  3.000e-03
48485
1 -2.168e-19
48805
48805
1  7.388e-04
48815
1  2.876e-03
48815
1  0.000e+00
49135
49135
1  7.387e-04
49145
1  2.983e-03
49145
1  0.000e+00
49465
49465
1  7.387e-04
49475
1  3.190e-03
49475
1  0.000e+00
49795
49795
1  7.387e-04
49805
1  2.949e-03
49805
1  0.000e+00
50125
50125
1  7.387e-04
50135
1  3.061e-03
50135
1  0.000e+00
50455
50455
1  7.387e-04
50465
1  3.100e-03
50465
1  0.000e+00
50785
50785
1  7.387e-04
50795
1  3.014e-03
50795
1  0.000e+00
51115
51115
1  7.387e-04
51125
1  3.051e-03
51125
1  0.000e+00
51445
51445
1  7.387e-04
51455
1  2.887e-03
51455
1  0.000e+00
51775
51775
1  7.387e-04
51785
1  3.075e-03
51785
1  0.000e+00
52105
52105
1  7.386e-04
52115
1  2.767e-03
52115
1  0.000e+00
52435
52435
1  7.387e-04
52445
1  2.950e-03
52445
1  0.000e+00
52765
52765
1  7.386e-04
52775
1  3.128e-03
52775
1  0.000e+00
53095
53095
1  7.388e-04
53105
1  2.868e-03
53105
1  0.000e+00
53425
53425
1  7.387e-04
53435
1  2.856e-03
53435
1  0.000e+00
53755
53755
1  7.387e-04
53765
1  3.100e-03
53765
1  0.000e+00
54085
54085
1  7.387e-04
54095
1  3.040e-03
54095
1  0.000e+00
54415
54415
1  7.387e-04
54425
1  3.069e-03
54425
1  0.000e+00
54745
54745
1  7.386e-04
54755
1  3.091e-03
54755
1  0.000e+00
55075
55075
1  7.387e-04
55085
1  2.903e-03
55085
1  0.000e+00
55405
55405
1  7.387e-04
55415
1  2.992e-03
55415
1  0.000e+00
55735
55735
1  7.387e-04
55745
1  2.840e-03
55745
1  0.000e+00
56065
56065
1  7.387e-04
56075
1  3.083e-03
56075
1  0.000e+00
56395
56395
1  7.386e-04
56405
1  3.170e-03
56405
1 -2.168e-19
56725
56725
1  7.387e-04
56735
1  2.901e-03
56735
1  0.000e+00
57055
57055
1  7.386e-04
57065
1  3.082e-03
57065
1  0.000e+00
57385
57385
1  7.386e-04
57395
1  3.040e-03
57395
1  0.000e+00
57715
57715
1  7.387e-04
57725
1  2.908e-03
57725
1  0.000e+00
58045
58045
1  7.387e-04
58055
1  2.892e-03
58055
1  0.000e+00
58375
58375
1  7.387e-04
58385
1  2.810e-03
58385
1  0.000e+00
58705
58705
1  7.387e-04
58715
1  3.005e-03
58715
1  0.000e+00
59035
59035
1  7.388e-04
59045
1  2.955e-03
59045
1  0.000e+00
59365
59365
1  7.387e-04
59375
1  2.946e-03
59375
1  0.000e+00
59695
59695
1  7.387e-04
59705
1  2.848e-03
59705
1  0.000e+00
60025
60025
1  7.386e-04
60035
1  3.054e-03
60035
1  0.000e+00
60355
60355
1  7.386e-04
60365
1  2.962e-03
60365
1  0.000e+00
60685
60685
1  7.387e-04
60695
1  3.107e-03
60695
1  0.000e+00
61015
61015
1  7.388e-04
61025
1  3.036e-03
61025
1  0.000e+00
61345
61345
1  7.387e-04
61355
1  2.959e-03
61355
1  0.000e+00
61675
61675
1  7.387e-04
61685
1  2.994e-03
61685
1  0.000e+00
62005
62005
1  7.387e-04
62015
1  3.130e-03
62015
1  0.000e+00
62335
62335
1  7.388e-04
62345
1  3.003e-03
62345
1  0.000e+00
62665
62665
1  7.387e-04
62675
1  3.152e-03
62675
1  0.000e+00
62995
62995
1  7.386e-04
63005
1  3.100e-03
63005
1  0.000e+00
63325
63325
1  7.387e-04
63335
1  2.916e-03
63335
1  0.000e+00
63655
63655
1  7.388e-04
63665
1  2.996e-03
63665
1  0.000e+00
63985
63985
1  7.387e-04
63995
1  2.953e-03
63995
1  0.000e+00
64315
64315
1  7.387e-04
64325
1  2.906e-03
64325
1  0.000e+00
64645
64645
1  7.387e-04
64655
1  3.093e-03
64655
1  0.000e+00
64975
64975
1  7.387e-04
64985
1  2.980e-03
64985
1  0.000e+00
65305
65305
1  7.387e-04
65315
1  2.984e-03
65315
1  0.000e+00
65635
65635
1  7.388e-04
65645
1  2.975e-03
65645
1  0.000e+00
65965
65965
1  7.387e-04
65975
1  3.141e-03
65975
1  0.000e+00
66295
66295
1  7.386e-04
66305
1  3.022e-03
66305
1  0.000e+00
66625
66625
1  7.386e-04
66635
1  3.088e-03
66635
1  0.000e+00
66955
66955
1  7.387e-04
66965
1  3.071e-03
66965
1  0.000e+00
67285
67285
1  7.388e-04
67295
1  2.807e-03
67295
1  0.000e+00
67615
67615
1  7.386e-04
67625
1  2.923e-03
67625
1  0.000e+00
67945
67945
1  7.387e-04
67955
1  3.008e-03
67955
1  0.000e+00
68275
68275
1  7.387e-04
68285
1  2.884e-03
68285
1  0.000e+00
68605
68605
1  7.388e-04
68615
1  3.138e-03
68615
1  0.000e+00
68935
68935
1  7.387e-04
68945
1  3.150e-03
68945
1  0.000e+00
69265
69265
1  7.387e-04
69275
1  3.052e-03
69275
1  0.000e+00
69595
69595
1  7.387e-04
69605
1  2.839e-03
69605
1  0.000e+00
69925
69925
1  7.387e-04
69935
1  2.839e-03
69935
1  0.000e+00
70255
70255
1  7.387e-04
70265
1  3.079e-03
70265
1  0.000e+00
70585
70585
1  7.386e-04
70595
1  2.917e-03
70595
1  0.000e+00
70915
70915
1  7.386e-04
70925
1  3.173e-03
70925
1  0.000e+00
71245
71245
1  7.387e-04
71255
1  3.048e-03
71255
1  0.000e+00
71575
71575
1  7.387e-04
71585
1  3.034e-03
71585
1  0.000e+00
71905
71905
1  7.387e-04
71915
1  3.073e-03
71915
1  0.000e+00
72235
72235
1  7.387e-04
72245
1  2.978e-03
72245
1  0.000e+00
72565
72565
1  7.387e-04
72575
1  2.792e-03
72575
1  0.000e+00
72895
72895
1  7.387e-04
72905
1  3.143e-03
72905
1  0.000e+00
73225
73225
1  7.387e-04
73235
1  3.005e-03
73235
1  0.000e+00
73555
73555
1  7.387e-04
73565
1  2.869e-03
73565
1  0.000e+00
73885
73885
1  7.387e-04
73895
1  2.948e-03
73895
1 -2.168e-19
74215
74215
1  7.387e-04
74225
1  3.019e-03
74225
1  0.000e+00
74545
74545
1  7.387e-04
74555
1  3.044e-03
74555
1  0.000e+00
74875
74875
1  7.386e-04
74885
1  3.053e-03
74885
1  0.000e+00
75205
75205
1  7.386e-04
75215
1  2.999e-03
75215
1  0.000e+00
75535
75535
1  7.387e-04
75545
1  2.867e-03
75545
1  0.000e+00
75865
75865
1  7.386e-04
75875
1  3.071e-03
75875
1 -2.168e-19
76195
76195
1  7.387e-04
76205
1  3.039e-03
76205
1  0.000e+00
76525
76525
1  7.387e-04
76535
1  2.993e-03
76535
1  0.000e+00
76855
76855
1  7.387e-04
76865
1  3.016e-03
76865
1  0.000e+00
77185
77185
1  7.387e-04
77195
1  3.068e-03
77195
1  0.000e+00
77515
77515
1  7.387e-04
77525
1  3.232e-03
77525
1  0.000e+00
77845
77845
1  7.387e-04
77855
1  3.089e-03
77855
1  0.000e+00
78175
78175
1  7.387e-04
78185
1  3.219e-03
78185
1  0.000e+00
78505
78505
1  7.388e-04
78515
1  3.175e-03
78515
1  0.000e+00
78835
78835
1  7.387e-04
78845
1  2.879e-03
78845
1 -2.168e-19
79165
79165
1  7.387e-04
79175
1  3.051e-03
79175
1  0.000e+00
79495
79495
1  7.387e-04
79505
1  3.104e-03
79505
1  0.000e+00
79825
79825
1  7.387e-04
79835
1  2.956e-03
79835
1  0.000e+00
80155
80155
1  7.387e-04
80165
1  2.949e-03
80165
1  0.000e+00
80485
80485
1  7.387e-04
80495
1  3.028e-03
80495
1  0.000e+00
80815
80815
1  7.386e-04
80825
1  2.911e-03
80825
1  0.000e+00
81145
81145
1  7.387e-04
81155
1  3.001e-03
81155
1  0.000e+00
81475
81475
1  7.386e-04
81485
1  2.819e-03
81485
1  0.000e+00
81805
81805
1  7.387e-04
81815
1  2.744e-03
81815
1 -2.168e-19
82135
82135
1  7.386e-04
82145
1  3.143e-03
82145
1  0.000e+00
82465
82465
1  7.388e-04
82475
1  3.002e-03
82475
1  0.000e+00
82795
82795
1  7.387e-04
82805
1  2.908e-03
82805
1  0.000e+00
83125
83125
1  7.386e-04
83135
1  3.063e-03
83135
1  0.000e+00
83455
83455
1  7.387e-04
83465
1  3.068e-03
83465
1  0.000e+00
83785
83785
1  7.388e-04
83795
1  3.153e-03
83795
1  0.000e+00
84115
84115
1  7.387e-04
84125
1  2.844e-03
84125
1  0.000e+00
84445
84445
1  7.387e-04
84455
1  2.871e-03
84455
1  0.000e+00
84775
84775
1  7.387e-04
84785
1  3.080e-03
84785
1  0.000e+00
85105
85105
1  7.387e-04
85115
1  2.880e-03
85115
1  0.000e+00
85435
85435
1  7.387e-04
85445
1  3.060e-03
85445
1  0.000e+00
85765
85765
1  7.386e-04
85775
1  3.019e-03
85775
1  0.000e+00
86095
86095
1  7.386e-04
86105
1  3.154e-03
86105
1  0.000e+00
86425
86425
1  7.386e-04
86435
1  3.147e-03
86435
1 -2.168e-19
86755
86755
1  7.386e-04
86765
1  2.960e-03
86765
1  0.000e+00
87085
87085
1  7.387e-04
87095
1  3.069e-03
87095
1  0.000e+00
87415
87415
1  7.387e-04
87425
1  3.004e-03
87425
1  0.000e+00
87745
87745
1  7.386e-04
87755
1  2.926e-03
87755
1  0.000e+00
88075
88075
1  7.387e-04
88085
1  2.939e-03
88085
1  0.000e+00
88405
88405
1  7.386e-04
88415
1  3.113e-03
88415
1  0.000e+00
88735
88735
1  7.386e-04
88745
1  3.002e-03
88745
1  0.000e+00
89065
89065
1  7.386e-04
89075
1  2.944e-03
89075
1  0.000e+00
89395
89395
1  7.387e-04
89405
1  3.025e-03
89405
1  0.000e+00
89725
89725
1  7.387e-04
89735
1  3.040e-03
89735
1  0.000e+00
90055
90055
1  7.386e-04
90065
1  2.830e-03
90065
1  0.000e+00
90385
90385
1  7.387e-04
90395
1  3.086e-03
90395
1  0.000e+00
90715
90715
1  7.387e-04
90725
1  3.058e-03
90725
1  0.000e+00
91045
91045
1  7.386e-04
91055
1  2.930e-03
91055
1  0.000e+00
91375
91375
1  7.388e-04
91385
1  2.833e-03
91385
1  0.000e+00
91705
91705
1  7.387e-04
91715
1  2.914e-03
91715
1  0.000e+00
92035
92035
1  7.386e-04
92045
1  2.955e-03
92045
1  0.000e+00
92365
92365
1  7.387e-04
92375
1  2.799e-03
92375
1 -2.168e-19
92695
92695
1  7.386e-04
92705
1  3.085e-03
92705
1  0.000e+00
93025
93025
1  7.387e-04
93035
1  3.115e-03
93035
1  0.000e+00
93355
93355
1  7.386e-04
93365
1  3.171e-03
93365
1  0.000e+00
93685
93685
1  7.387e-04
93695
1  3.044e-03
93695
1  0.000e+00
94015
94015
1  7.388e-04
94025
1  2.834e-03
94025
1 -2.168e-19
94345
94345
1  7.386e-04
94355
1  2.944e-03
94355
1  0.000e+00
94675
94675
1  7.387e-04
94685
1  2.965e-03
94685
1  0.000e+00
95005
95005
1  7.388e-04
95015
1  2.988e-03
95015
1  0.000e+00
95335
95335
1  7.386e-04
95345
1  3.042e-03
95345
1  0.000e+00
95665
95665
1  7.387e-04
95675
1  2.994e-03
95675
1  0.000e+00
95995
95995
1  7.387e-04
96005
1  2.823e-03
96005
1  0.000e+00
96325
96325
1  7.387e-04
96335
1  3.155e-03
96335
1  0.000e+00
96655
96655
1  7.387e-04
96665
1  3.056e-03
96665
1  0.000e+00
96985
96985
1  7.387e-04
96995
1  2.873e-03
96995
1 -2.168e-19
97315
97315
1  7.386e-04
97325
1  3.132e-03
97325
1  0.000e+00
97645
97645
1  7.387e-04
97655
1  2.958e-03
97655
1  0.000e+00
97975
97975
1  7.386e-04
97985
1  3.009e-03
97985
1 -2.168e-19
98305
98305
1  7.386e-04
98315
1  3.024e-03
98315
1  0.000e+00
98635
98635
1  7.386e-04
98645
1  2.982e-03
98645
1  0.000e+00
98965
98965
1  7.386e-04
98975
1  2.977e-03
98975
1  0.000e+00
99295
99295
1  7.387e-04
99305
1  3.080e-03
99305
1  0.000e+00
99625
99625
1  7.387e-04
99635
1  2.921e-03
99635
1  0.000e+00
99955
99955
1  7.386e-04
99965
1  3.001e-03
99965
1  2.168e-19
100285
100285
1  7.386e-04
100295
1  3.072e-03
100295
1  0.000e+00
100615
100615
1  7.386e-04
100625
1  2.965e-03
100625
1  2.168e-19
100945
100945
1  7.387e-04
100955
1  2.904e-03
100955
1  0.000e+00
101275
101275
1  7.386e-04
101285
1  2.956e-03
101285
1  0.000e+00
101605
101605
1  7.386e-04
101615
1  3.042e-03
101615
1  0.000e+00
101935
101935
1  7.387e-04
101945
1  3.171e-03
101945
1  0.000e+00
102265
102265
1  7.387e-04
102275
1  3.168e-03
102275
1  0.000e+00
102595
102595
1  7.387e-04
102605
1  3.053e-03
102605
1  0.000e+00
102925
102925
1  7.386e-04
102935
1  2.879e-03
102935
1  0.000e+00
103255
103255
1  7.387e-04
103265
1  3.020e-03
103265
1  0.000e+00
103585
103585
1  7.388e-04
103595
1  2.955e-03
103595
1  0.000e+00
103915
103915
1  7.388e-04
103925
1  2.889e-03
103925
1  0.000e+00
104245
104245
1  7.386e-04
104255
1  3.050e-03
104255
1  0.000e+00
104575
104575
1  7.387e-04
104585
1  3.053e-03
104585
1  0.000e+00
104905
104905
1  7.386e-04
104915
1  2.821e-03
104915
1  0.000e+00
105235
105235
1  7.386e-04
105245
1  2.855e-03
105245
1  0.000e+00
105565
105565
1  7.387e-04
105575
1  3.103e-03
105575
1 -2.168e-19
105895
105895
1  7.387e-04
105905
1  2.916e-03
105905
1  0.000e+00
106225
106225
1  7.387e-04
106235
1  2.958e-03
106235
1  0.000e+00
106555
106555
1  7.387e-04
106565
1  2.630e-03
106565
1  0.000e+00
106885
106885
1  7.387e-04
106895
1  2.874e-03
106895
1  0.000e+00
107215
107215
1  7.387e-04
107225
1  3.128e-03
107225
1  0.000e+00
107545
107545
1  7.387e-04
107555
1  3.028e-03
107555
1  0.000e+00
107875
107875
1  7.388e-04
107885
1  2.984e-03
107885
1  0.000e+00
108205
108205
1  7.387e-04
108215
1  3.006e-03
108215
1  0.000e+00
108535
108535
1  7.386e-04
108545
1  2.910e-03
108545
1  0.000e+00
108865
108865
1  7.386e-04
108875
1  3.092e-03
108875
1  0.000e+00
109195
109195
1  7.387e-04
109205
1  3.009e-03
109205
1  0.000e+00
109525
109525
1  7.386e-04
109535
1  2.892e-03
109535
1  0.000e+00
109855
109855
1  7.387e-04
109865
1  2.919e-03
109865
1  0.000e+00
110185
110185
1  7.386e-04
110195
1  3.048e-03
110195
1 -2.168e-19
110515
110515
1  7.386e-04
110525
1  2.756e-03
110525
1  0.000e+00
110845
110845
1  7.386e-04
110855
1  3.151e-03
110855
1  0.000e+00
111175
111175
1  7.387e-04
111185
1  3.026e-03
111185
1  0.000e+00
111505
111505
1  7.387e-04
111515
1  3.047e-03
111515
1  0.000e+00
111835
111835
1  7.387e-04
111845
1  2.996e-03
111845
1  0.000e+00
112165
112165
1  7.387e-04
112175
1  2.971e-03
112175
1  0.000e+00
112495
112495
1  7.387e-04
112505
1  2.958e-03
112505
1  0.000e+00
112825
112825
1  7.386e-04
112835
1  2.990e-03
112835
1  0.000e+00
113155
113155
1  7.387e-04
113165
1  3.089e-03
113165
1  0.000e+00
113485
113485
1  7.387e-04
113495
1  2.828e-03
113495
1  0.000e+00
113815
113815
1  7.387e-04
113825
1  3.057e-03
113825
1  0.000e+00
114145
114145
1  7.387e-04
114155
1  2.997e-03
114155
1  0.000e+00
114475
114475
1  7.387e-04
114485
1  3.007e-03
114485
1  0.000e+00
114805
114805
1  7.388e-04
114815
1  2.989e-03
114815
1  0.000e+00
115135
115135
1  7.387e-04
115145
1  2.941e-03
115145
1  0.000e+00
115465
115465
1  7.387e-04
115475
1  2.846e-03
115475
1  0.000e+00
115795
115795
1  7.387e-04
115805
1  2.929e-03
115805
1  0.000e+00
116125
116125
1  7.386e-04
116135
1  2.925e-03
116135
1  0.000e+00
116455
116455
1  7.388e-04
116465
1  3.075e-03
116465
1  0.000e+00
116785
116785
1  7.388e-04
116795
1  2.785e-03
116795
1  0.000e+00
117115
117115
1  7.387e-04
117125
1  2.949e-03
117125
1  0.000e+00
117445
117445
1  7.387e-04
117455
1  2.884e-03
117455
1  0.000e+00
117775
117775
1  7.386e-04
117785
1  3.021e-03
117785
1  0.000e+00
118105
118105
1  7.388e-04
118115
1  2.976e-03
118115
1  0.000e+00
118435
118435
1  7.386e-04
118445
1  2.836e-03
118445
1 -2.168e-19
118765
118765
1  7.387e-04
118775
1  2.899e-03
118775
1  0.000e+00
119095
119095
1  7.388e-04
119105
1  2.978e-03
119105
1  0.000e+00
119425
119425
1  7.387e-04
119435
1  2.945e-03
119435
1  0.000e+00
119755
119755
1  7.387e-04
119765
1  2.797e-03
119765
1  0.000e+00
120085
120085
1  7.386e-04
120095
1  2.916e-03
120095
1  0.000e+00
120415
120415
1  7.387e-04
120425
1  3.017e-03
120425
1  0.000e+00
120745
120745
1  7.387e-04
120755
1  2.909e-03
120755
1  0.000e+00
121075
121075
1  7.387e-04
121085
1  2.925e-03
121085
1  0.000e+00
121405
121405
1  7.387e-04
121415
1  3.111e-03
121415
1  0.000e+00
121735
121735
1  7.386e-04
121745
1  3.060e-03
121745
1  0.000e+00
122065
122065
1  7.387e-04
122075
1  3.014e-03
122075
1  0.000e+00
122395
122395
1  7.387e-04
122405
1  2.981e-03
122405
1  0.000e+00
122725
122725
1  7.388e-04
122735
1  3.096e-03
122735
1  0.000e+00
123055
123055
1  7.388e-04
123065
1  2.951e-03
123065
1  0.000e+00
123385
123385
1  7.387e-04
123395
1  2.932e-03
123395
1  0.000e+00
123715
123715
1  7.387e-04
123725
1  3.163e-03
123725
1  0.000e+00
124045
124045
1  7.386e-04
124055
1  3.054e-03
124055
1  0.000e+00
124375
124375
1  7.386e-04
124385
1  3.002e-03
124385
1  0.000e+00
124705
124705
1  7.387e-04
124715
1  2.843e-03
124715
1  0.000e+00
125035
125035
1  7.388e-04
125045
1  3.106e-03
125045
1  0.000e+00
125365
125365
1  7.386e-04
125375
1  2.977e-03
125375
1  0.000e+00
125695
125695
1  7.386e-04
125705
1  3.114e-03
125705
1  0.000e+00
126025
126025
1  7.387e-04
126035
1  2.927e-03
126035
1  0.000e+00
126355
126355
1  7.386e-04
126365
1  2.967e-03
126365
1  0.000e+00
126685
126685
1  7.388e-04
126695
1  3.060e-03
126695
1  0.000e+00
127015
127015
1  7.387e-04
127025
1  3.146e-03
127025
1  0.000e+00
127345
127345
1  7.387e-04
127355
1  3.022e-03
127355
1  0.000e+00
127675
127675
1  7.387e-04
127685
1  2.999e-03
127685
1  0.000e+00
128005
128005
1  7.387e-04
128015
1  2.990e-03
128015
1  0.000e+00
128335
128335
1  7.387e-04
128345
1  2.895e-03
128345
1  0.000e+00
128665
128665
1  7.385e-04
128675
1  3.027e-03
128675
1  0.000e+00
128995
128995
1  7.387e-04
129005
1  2.979e-03
129005
1  0.000e+00
129325
129325
1  7.388e-04
129335
1  2.901e-03
129335
1  0.000e+00
129655
129655
1  7.387e-04
129665
1  2.990e-03
129665
1  0.000e+00
129985
129985
1  7.387e-04
129995
1  3.059e-03
129995
1  0.000e+00
130315
130315
1  7.387e-04
130325
1  2.878e-03
130325
1  0.000e+00
130645
130645
1  7.387e-04
130655
1  2.979e-03
130655
1 -2.168e-19
130975
130975
1  7.387e-04
130985
1  3.120e-03
130985
1  0.000e+00
131305
131305
1  7.386e-04
131315
1  2.734e-03
131315
1  0.000e+00
131635
131635
1  7.387e-04
131645
1  2.931e-03
131645
1  0.000e+00
131965
131965
1  7.387e-04
131975
1  3.005e-03
131975
1  0.000e+00
132295
132295
1  7.387e-04
132305
1  3.151e-03
132305
1  0.000e+00
132625
132625
1  7.387e-04
132635
1  2.779e-03
132635
1  0.000e+00
132955
132955
1  7.387e-04
132965
1  2.806e-03
132965
1  0.000e+00
133285
133285
1  7.387e-04
133295
1  3.006e-03
133295
1  2.168e-19
133615
133615
1  7.387e-04
133625
1  2.730e-03
133625
1  0.000e+00
133945
133945
1  7.386e-04
133955
1  2.788e-03
133955
1  0.000e+00
134275
134275
1  7.388e-04
134285
1  2.954e-03
134285
1  0.000e+00
134605
134605
1  7.387e-04
134615
1  2.895e-03
134615
1  0.000e+00
134935
134935
1  7.387e-04
134945
1  3.140e-03
134945
1  0.000e+00
135265
135265
1  7.387e-04
135275
1  2.910e-03
135275
1  0.000e+00
135595
135595
1  7.387e-04
135605
1  3.137e-03
135605
1  0.000e+00
135925
135925
1  7.386e-04
135935
1  3.079e-03
135935
1  0.000e+00
136255
136255
1  7.386e-04
136265
1  3.119e-03
136265
1  0.000e+00
136585
136585
1  7.387e-04
136595
1  3.091e-03
136595
1  0.000e+00
136915
136915
1  7.388e-04
136925
1  3.104e-03
136925
1  0.000e+00
137245
137245
1  7.387e-04
137255
1  2.781e-03
137255
1  0.000e+00
137575
137575
1  7.386e-04
137585
1  3.091e-03
137585
1  0.000e+00
137905
137905
1  7.387e-04
137915
1  3.017e-03
137915
1  0.000e+00
138235
138235
1  7.387e-04
138245
1  2.899e-03
138245
1  0.000e+00
138565
138565
1  7.388e-04
138575
1  2.888e-03
138575
1  0.000e+00
138895
138895
1  7.387e-04
138905
1  2.943e-03
138905
1  0.000e+00
139225
139225
1  7.387e-04
139235
1  2.870e-03
139235
1  0.000e+00
139555
139555
1  7.387e-04
139565
1  2.956e-03
139565
1  0.000e+00
139885
139885
1  7.387e-04
139895
1  2.987e-03
139895
1  0.000e+00
140215
140215
1  7.388e-04
140225
1  3.059e-03
140225
1  0.000e+00
140545
140545
1  7.386e-04
140555
1  2.868e-03
140555
1  0.000e+00
140875
140875
1  7.387e-04
140885
1  2.983e-03
140885
1  0.000e+00
141205
141205
1  7.387e-04
141215
1  2.763e-03
141215
1  0.000e+00
141535
141535
1  7.387e-04
141545
1  2.792e-03
141545
1  0.000e+00
141865
141865
1  7.386e-04
141875
1  2.909e-03
141875
1  2.168e-19
142195
142195
1  7.387e-04
142205
1  3.176e-03
142205
1  0.000e+00
142525
142525
1  7.387e-04
142535
1  3.024e-03
142535
1  0.000e+00
142855
142855
1  7.388e-04
142865
1  2.808e-03
142865
1  0.000e+00
143185
143185
1  7.387e-04
143195
1  2.978e-03
143195
1  0.000e+00
143515
143515
1  7.388e-04
143525
1  3.022e-03
143525
1  0.000e+00
143845
143845
1  7.387e-04
143855
1  3.190e-03
143855
1  0.000e+00
144175
144175
1  7.387e-04
144185
1  2.881e-03
144185
1  0.000e+00
144505
144505
1  7.386e-04
144515
1  3.011e-03
144515
1  0.000e+00
144835
144835
1  7.386e-04
144845
1  3.185e-03
144845
1  0.000e+00
145165
145165
1  7.387e-04
145175
1  3.113e-03
145175
1  0.000e+00
145495
145495
1  7.387e-04
145505
1  3.134e-03
145505
1  0.000e+00
145825
145825
1  7.386e-04
145835
1  2.907e-03
145835
1  0.000e+00
146155
146155
1  7.387e-04
146165
1  2.822e-03
146165
1  0.000e+00
146485
146485
1  7.387e-04
146495
1  3.177e-03
146495
1  0.000e+00
146815
146815
1  7.387e-04
146825
1  2.970e-03
146825
1  0.000e+00
147145
147145
1  7.387e-04
147155
1  2.934e-03
147155
1  0.000e+00
147475
147475
1  7.386e-04
147485
1  3.079e-03
147485
1  0.000e+00
147805
147805
1  7.387e-04
147815
1  3.171e-03
147815
1  0.000e+00
148135
148135
1  7.387e-04
148145
1  2.826e-03
148145
1  0.000e+00
148465
148465
1  7.387e-04
148475
1  3.029e-03
148475
1  0.000e+00
148795
148795
1  7.386e-04
148805
1  2.994e-03
148805
1  0.000e+00
149125
149125
1  7.387e-04
149135
1  2.936e-03
149135
1 -2.168e-19
149455
149455
1  7.387e-04
149465
1  2.933e-03
149465
1  0.000e+00
149785
149785
1  7.387e-04
149795
1  3.112e-03
149795
1  0.000e+00
150115
150115
1  7.386e-04
150125
1  2.734e-03
150125
1  0.000e+00
150445
150445
1  7.386e-04
150455
1  3.097e-03
150455
1  0.000e+00
150775
150775
1  7.387e-04
150785
1  3.102e-03
150785
1  0.000e+00
151105
151105
1  7.386e-04
151115
1  2.981e-03
151115
1  0.000e+00
151435
151435
1  7.387e-04
151445
1  2.916e-03
151445
1  0.000e+00
151765
151765
1  7.387e-04
151775
1  2.817e-03
151775
1  0.000e+00
152095
152095
1  7.387e-04
152105
1  2.923e-03
152105
1  0.000e+00
152425
152425
1  7.388e-04
152435
1  2.986e-03
152435
1  0.000e+00
152755
152755
1  7.388e-04
152765
1  2.966e-03
152765
1  0.000e+00
153085
153085
1  7.387e-04
153095
1  2.896e-03
153095
1  0.000e+00
153415
153415
1  7.386e-04
153425
1  3.072e-03
153425
1  0.000e+00
153745
153745
1  7.387e-04
153755
1  2.979e-03
153755
1  0.000e+00
154075
154075
1  7.386e-04
154085
1  3.074e-03
154085
1  0.000e+00
154405
154405
1  7.387e-04
154415
1  3.096e-03
154415
1  0.000e+00
154735
154735
1  7.387e-04
154745
1  3.021e-03
154745
1  0.000e+00
155065
155065
1  7.388e-04
155075
1  2.968e-03
155075
1  0.000e+00
155395
155395
1  7.388e-04
155405
1  2.955e-03
155405
1 -2.168e-19
155725
155725
1  7.386e-04
155735
1  2.970e-03
155735
1  0.000e+00
156055
156055
1  7.387e-04
156065
1  3.066e-03
156065
1  0.000e+00
156385
156385
1  7.387e-04
156395
1  3.113e-03
156395
1  0.000e+00
156715
156715
1  7.387e-04
156725
1  3.057e-03
156725
1  0.000e+00
157045
157045
1  7.386e-04
157055
1  2.973e-03
157055
1  0.000e+00
157375
157375
1  7.386e-04
157385
1  2.870e-03
157385
1  0.000e+00
157705
157705
1  7.387e-04
157715
1  3.016e-03
157715
1  0.000e+00
158035
158035
1  7.386e-04
158045
1  3.066e-03
158045
1  0.000e+00
158365
158365
1  7.387e-04
158375
1  2.994e-03
158375
1  0.000e+00
158695
158695
1  7.386e-04
158705
1  2.805e-03
158705
1  0.000e+00
159025
159025
1  7.387e-04
159035
1  2.923e-03
159035
1  0.000e+00
159355
159355
1  7.386e-04
159365
1  2.942e-03
159365
1  0.000e+00
159685
159685
1  7.387e-04
159695
1  3.152e-03
159695
1  0.000e+00
160015
160015
1  7.387e-04
160025
1  3.070e-03
160025
1  0.000e+00
160345
160345
1  7.387e-04
160355
1  2.815e-03
160355
1  0.000e+00
160675
160675
1  7.387e-04
160685
1  2.879e-03
160685
1  0.000e+00
161005
161005
1  7.387e-04
161015
1  3.188e-03
161015
1  0.000e+00
161335
161335
1  7.388e-04
161345
1  3.041e-03
161345
1  0.000e+00
161665
161665
1  7.387e-04
161675
1  2.878e-03
161675
1  0.000e+00
161995
161995
1  7.386e-04
162005
1  3.019e-03
162005
1  0.000e+00
162325
162325
1  7.386e-04
162335
1  2.960e-03
162335
1  0.000e+00
162655
162655
1  7.386e-04
162665
1  2.953e-03
162665
1  0.000e+00
162985
162985
1  7.386e-04
162995
1  2.974e-03
162995
1  0.000e+00
163315
163315
1  7.387e-04
163325
1  3.166e-03
163325
1  0.000e+00
163645
163645
1  7.388e-04
163655
1  2.824e-03
163655
1  0.000e+00
163975
163975
1  7.387e-04
163985
1  2.868e-03
163985
1  0.000e+00
164305
164305
1  7.388e-04
164315
1  3.124e-03
164315
1  0.000e+00
164635
164635
1  7.386e-04
164645
1  3.072e-03
164645
1  0.000e+00
164965
164965
1  7.387e-04
164975
1  2.954e-03
164975
1  0.000e+00
165295
165295
1  7.387e-04
165305
1  3.033e-03
165305
1  0.000e+00
165625
165625
1  7.387e-04
165635
1  3.036e-03
165635
1  0.000e+00
165955
165955
1  7.388e-04
165965
1  2.969e-03
165965
1 -2.168e-19
166285
166285
1  7.387e-04
166295
1  2.864e-03
166295
1  0.000e+00
166615
166615
1  7.387e-04
166625
1  3.043e-03
166625
1  0.000e+00
166945
166945
1  7.386e-04
166955
1  2.989e-03
166955
1  0.000e+00
167275
167275
1  7.388e-04
167285
1  3.088e-03
167285
1  0.000e+00
167605
167605
1  7.388e-04
167615
1  2.860e-03
167615
1  0.000e+00
167935
167935
1  7.387e-04
167945
1  2.930e-03
167945
1  0.000e+00
168265
168265
1  7.387e-04
168275
1  2.703e-03
168275
1  0.000e+00
168595
168595
1  7.387e-04
168605
1  3.018e-03
168605
1  0.000e+00
168925
168925
1  7.387e-04
168935
1  3.086e-03
168935
1  0.000e+00
169255
169255
1  7.386e-04
169265
1  3.059e-03
169265
1  0.000e+00
169585
169585
1  7.387e-04
169595
1  2.957e-03
169595
1  0.000e+00
169915
169915
1  7.387e-04
169925
1  3.047e-03
169925
1  0.000e+00
170245
170245
1  7.387e-04
170255
1  3.114e-03
170255
1  0.000e+00
170575
170575
1  7.385e-04
170585
1  2.974e-03
170585
1  0.000e+00
170905
170905
1  7.387e-04
170915
1  3.037e-03
170915
1  0.000e+00
171235
171235
1  7.386e-04
171245
1  3.061e-03
171245
1 -2.168e-19
171565
171565
1  7.388e-04
171575
1  3.108e-03
171575
1  0.000e+00
171895
171895
1  7.386e-04
171905
1  3.006e-03
171905
1  0.000e+00
172225
172225
1  7.387e-04
172235
1  2.764e-03
172235
1  0.000e+00
172555
172555
1  7.386e-04
172565
1  2.943e-03
172565
1  0.000e+00
172885
172885
1  7.387e-04
172895
1  3.086e-03
172895
1  0.000e+00
173215
173215
1  7.388e-04
173225
1  3.130e-03
173225
1  0.000e+00
173545
173545
1  7.387e-04
173555
1  3.012e-03
173555
1  0.000e+00
173875
173875
1  7.386e-04
173885
1  2.835e-03
173885
1  0.000e+00
174205
174205
1  7.388e-04
174215
1  2.934e-03
174215
1  0.000e+00
174535
174535
1  7.385e-04
174545
1  3.055e-03
174545
1  0.000e+00
174865
174865
1  7.386e-04
174875
1  2.938e-03
174875
1  0.000e+00
175195
175195
1  7.387e-04
175205
1  2.872e-03
175205
1  0.000e+00
175525
175525
1  7.388e-04
175535
1  2.880e-03
175535
1  0.000e+00
175855
175855
1  7.386e-04
175865
1  3.024e-03
175865
1  0.000e+00
176185
176185
1  7.387e-04
176195
1  2.805e-03
176195
1  0.000e+00
176515
176515
1  7.387e-04
176525
1  2.970e-03
176525
1 -2.168e-19
176845
176845
1  7.386e-04
176855
1  2.958e-03
176855
1  0.000e+00
177175
177175
1  7.387e-04
177185
1  3.039e-03
177185
1  0.000e+00
177505
177505
1  7.387e-04
177515
1  3.060e-03
177515
1  0.000e+00
177835
177835
1  7.386e-04
177845
1  3.200e-03
177845
1  0.000e+00
178165
178165
1  7.387e-04
178175
1  3.023e-03
178175
1  0.000e+00
178495
178495
1  7.387e-04
178505
1  3.113e-03
178505
1  0.000e+00
178825
178825
1  7.387e-04
178835
1  2.880e-03
178835
1  0.000e+00
179155
179155
1  7.387e-04
179165
1  2.992e-03
179165
1  0.000e+00
179485
179485
1  7.386e-04
179495
1  3.137e-03
179495
1  0.000e+00
179815
179815
1  7.387e-04
179825
1  2.960e-03
179825
1  0.000e+00
180145
180145
1  7.386e-04
180155
1  3.027e-03
180155
1  0.000e+00
180475
180475
1  7.386e-04
180485
1  3.017e-03
180485
1 -2.168e-19
180805
180805
1  7.386e-04
180815
1  3.102e-03
180815
1  0.000e+00
181135
181135
1  7.386e-04
181145
1  3.085e-03
181145
1  0.000e+00
181465
181465
1  7.386e-04
181475
1  2.911e-03
181475
1  0.000e+00
181795
181795
1  7.387e-04
181805
1  2.989e-03
181805
1  0.000e+00
182125
182125
1  7.387e-04
182135
1  3.143e-03
182135
1  0.000e+00
182455
182455
1  7.386e-04
182465
1  3.082e-03
182465
1  0.000e+00
182785
182785
1  7.386e-04
182795
1  2.887e-03
182795
1 -2.168e-19
183115
183115
1  7.387e-04
183125
1  2.976e-03
183125
1  0.000e+00
183445
183445
1  7.387e-04
183455
1  2.857e-03
183455
1  0.000e+00
183775
183775
1  7.388e-04
183785
1  2.929e-03
183785
1  0.000e+00
184105
184105
1  7.386e-04
184115
1  3.034e-03
184115
1  2.168e-19
184435
184435
1  7.387e-04
184445
1  2.927e-03
184445
1  0.000e+00
184765
184765
1  7.387e-04
184775
1  3.094e-03
184775
1 -2.168e-19
185095
185095
1  7.387e-04
185105
1  2.888e-03
185105
1  0.000e+00
185425
185425
1  7.388e-04
185435
1  2.944e-03
185435
1  0.000e+00
185755
185755
1  7.387e-04
185765
1  2.800e-03
185765
1  0.000e+00
186085
186085
1  7.387e-04
186095
1  2.849e-03
186095
1  0.000e+00
186415
186415
1  7.387e-04
186425
1  2.978e-03
186425
1  0.000e+00
186745
186745
1  7.386e-04
186755
1  2.895e-03
186755
1  0.000e+00
187075
187075
1  7.387e-04
187085
1  2.876e-03
187085
1  0.000e+00
187405
187405
1  7.387e-04
187415
1  2.838e-03
187415
1  0.000e+00
187735
187735
1  7.387e-04
187745
1  3.153e-03
187745
1  0.000e+00
188065
188065
1  7.388e-04
188075
1  3.184e-03
188075
1  0.000e+00
188395
188395
1  7.387e-04
188405
1  2.857e-03
188405
1  0.000e+00
188725
188725
1  7.386e-04
188735
1  2.912e-03
188735
1  0.000e+00
189055
189055
1  7.387e-04
189065
1  3.123e-03
189065
1  0.000e+00
189385
189385
1  7.387e-04
189395
1  3.069e-03
189395
1  0.000e+00
189715
189715
1  7.387e-04
189725
1  3.094e-03
189725
1  0.000e+00
190045
190045
1  7.387e-04
190055
1  3.016e-03
190055
1  0.000e+00
190375
190375
1  7.388e-04
190385
1  2.934e-03
190385
1  0.000e+00
190705
190705
1  7.387e-04
190715
1  2.990e-03
190715
1  2.168e-19
191035
191035
1  7.388e-04
191045
1  2.984e-03
191045
1  0.000e+00
191365
191365
1  7.388e-04
191375
1  2.983e-03
191375
1  0.000e+00
191695
191695
1  7.387e-04
191705
1  3.065e-03
191705
1  0.000e+00
192025
192025
1  7.386e-04
192035
1  2.974e-03
192035
1  0.000e+00
192355
192355
1  7.387e-04
192365
1  2.933e-03
192365
1  0.000e+00
192685
192685
1  7.386e-04
192695
1  3.016e-03
192695
1  0.000e+00
193015
193015
1  7.387e-04
193025
1  3.033e-03
193025
1  0.000e+00
193345
193345
1  7.387e-04
193355
1  3.143e-03
193355
1  0.000e+00
193675
193675
1  7.387e-04
193685
1  2.868e-03
193685
1 -2.168e-19
194005
194005
1  7.388e-04
194015
1  3.018e-03
194015
1  0.000e+00
194335
194335
1  7.387e-04
194345
1  2.836e-03
194345
1  0.000e+00
194665
194665
1  7.387e-04
194675
1  3.047e-03
194675
1  0.000e+00
194995
194995
1  7.386e-04
195005
1  3.036e-03
195005
1  0.000e+00
195325
195325
1  7.386e-04
195335
1  2.957e-03
195335
1  0.000e+00
195655
195655
1  7.387e-04
195665
1  2.879e-03
195665
1  0.000e+00
195985
195985
1  7.385e-04
195995
1  2.721e-03
195995
1 -2.168e-19
196315
196315
1  7.387e-04
196325
1  2.962e-03
196325
1  0.000e+00
196645
196645
1  7.387e-04
196655
1  3.034e-03
196655
1  0.000e+00
196975
196975
1  7.387e-04
196985
1  3.109e-03
196985
1  0.000e+00
197305
197305
1  7.387e-04
197315
1  3.013e-03
197315
1  0.000e+00
197635
197635
1  7.387e-04
197645
1  3.030e-03
197645
1  0.000e+00
197965
197965
1  7.386e-04
197975
1  2.981e-03
197975
1  0.000e+00
198295
198295
1  7.387e-04
198305
1  2.868e-03
198305
1  0.000e+00
198625
198625
1  7.386e-04
198635
1  3.005e-03
198635
1  0.000e+00
198955
198955
1  7.387e-04
198965
1  2.949e-03
198965
1  0.000e+00
199285
199285
1  7.387e-04
199295
1  2.981e-03
199295
1  2.168e-19
199615
199615
1  7.387e-04
199625
1  2.866e-03
199625
1  0.000e+00
199945
199945
1  7.386e-04
199955
1  3.242e-03
199955
1  0.000e+00
200275
200275
1  7.387e-04
200285
1  2.986e-03
200285
1 -2.168e-19
200605
200605
1  7.387e-04
200615
1  3.206e-03
200615
1  0.000e+00
200935
200935
1  7.387e-04
200945
1  3.093e-03
200945
1  0.000e+00
201265
201265
1  7.387e-04
201275
1  2.966e-03
201275
1  0.000e+00
201595
201595
1  7.386e-04
201605
1  2.873e-03
201605
1  2.168e-19
201925
201925
1  7.387e-04
201935
1  3.159e-03
201935
1  0.000e+00
202255
202255
1  7.387e-04
202265
1  2.888e-03
202265
1  0.000e+00
202585
202585
1  7.387e-04
202595
1  3.081e-03
202595
1  0.000e+00
202915
202915
1  7.387e-04
202925
1  3.157e-03
202925
1  0.000e+00
203245
203245
1  7.386e-04
203255
1  3.174e-03
203255
1  0.000e+00
203575
203575
1  7.386e-04
203585
1  2.850e-03
203585
1  0.000e+00
203905
203905
1  7.386e-04
203915
1  2.907e-03
203915
1  0.000e+00
204235
204235
1  7.387e-04
204245
1  2.905e-03
204245
1  0.000e+00
204565
204565
1  7.387e-04
204575
1  2.932e-03
204575
1  0.000e+00
204895
204895
1  7.387e-04
204905
1  2.935e-03
204905
1  0.000e+00
205225
205225
1  7.387e-04
205235
1  2.879e-03
205235
1  0.000e+00
205555
205555
1  7.385e-04
205565
1  3.082e-03
205565
1  0.000e+00
205885
205885
1  7.387e-04
205895
1  2.950e-03
205895
1  0.000e+00
206215
206215
1  7.387e-04
206225
1  3.217e-03
206225
1  0.000e+00
206545
206545
1  7.386e-04
206555
1  2.769e-03
206555
1  0.000e+00
206875
206875
1  7.388e-04
206885
1  3.102e-03
206885
1  0.000e+00
207205
207205
1  7.386e-04
207215
1  2.784e-03
207215
1  0.000e+00
207535
207535
1  7.387e-04
207545
1  3.061e-03
207545
1  0.000e+00
207865
207865
1  7.387e-04
207875
1  2.773e-03
207875
1  0.000e+00
208195
208195
1  7.387e-04
208205
1  3.133e-03
208205
1  2.168e-19
208525
208525
1  7.387e-04
208535
1  2.909e-03
208535
1  0.000e+00
208855
208855
1  7.387e-04
208865
1  3.061e-03
208865
1  0.000e+00
209185
209185
1  7.387e-04
209195
1  2.982e-03
209195
1  0.000e+00
209515
209515
1  7.387e-04
209525
1  3.037e-03
209525
1  0.000e+00
209845
209845
1  7.388e-04
209855
1  3.025e-03
209855
1  0.000e+00
210175
210175
1  7.386e-04
210185
1  2.998e-03
210185
1  0.000e+00
210505
210505
1  7.386e-04
210515
1  2.942e-03
210515
1  0.000e+00
210835
210835
1  7.387e-04
210845
1  3.201e-03
210845
1  0.000e+00
211165
211165
1  7.387e-04
211175
1  2.761e-03
211175
1  0.000e+00
211495
211495
1  7.386e-04
211505
1  3.103e-03
211505
1  0.000e+00
211825
211825
1  7.387e-04
211835
1  2.931e-03
211835
1  0.000e+00
212155
212155
1  7.387e-04
212165
1  2.997e-03
212165
1  0.000e+00
212485
212485
1  7.387e-04
212495
1  2.940e-03
212495
1  0.000e+00
212815
212815
1  7.387e-04
212825
1  2.964e-03
212825
1  0.000e+00
213145
213145
1  7.388e-04
213155
1  2.941e-03
213155
1  0.000e+00
213475
213475
1  7.388e-04
213485
1  2.989e-03
213485
1 -2.168e-19
213805
213805
1  7.386e-04
213815
1  2.865e-03
213815
1  0.000e+00
214135
214135
1  7.388e-04
214145
1  3.060e-03
214145
1 -2.168e-19
214465
214465
1  7.387e-04
214475
1  2.791e-03
214475
1 -2.168e-19
214795
214795
1  7.386e-04
214805
1  3.022e-03
214805
1  0.000e+00
215125
215125
1  7.386e-04
215135
1  3.025e-03
215135
1  0.000e+00
215455
215455
1  7.388e-04
215465
1  3.140e-03
215465
1  0.000e+00
215785
215785
1  7.386e-04
215795
1  3.079e-03
215795
1  2.168e-19
216115
216115
1  7.387e-04
216125
1  3.068e-03
216125
1  0.000e+00
216445
216445
1  7.387e-04
216455
1  3.116e-03
216455
1  0.000e+00
216775
216775
1  7.387e-04
216785
1  3.090e-03
216785
1  0.000e+00
217105
217105
1  7.387e-04
217115
1  2.852e-03
217115
1  0.000e+00
217435
217435
1  7.387e-04
217445
1  2.941e-03
217445
1  0.000e+00
217765
217765
1  7.387e-04
217775
1  3.055e-03
217775
1  0.000e+00
218095
218095
1  7.388e-04
218105
1  3.010e-03
218105
1  0.000e+00
218425
218425
1  7.387e-04
218435
1  2.905e-03
218435
1  0.000e+00
218755
218755
1  7.388e-04
218765
1  3.030e-03
218765
1  0.000e+00
219085
219085
1  7.386e-04
219095
1  2.809e-03
219095
1  0.000e+00
219415
219415
1  7.387e-04
219425
1  3.103e-03
219425
1  0.000e+00
219745
219745
1  7.387e-04
219755
1  2.866e-03
219755
1  0.000e+00
220075
220075
1  7.386e-04
220085
1  2.880e-03
220085
1  0.000e+00
220405
220405
1  7.387e-04
220415
1  3.010e-03
220415
1  0.000e+00
220735
220735
1  7.387e-04
220745
1  2.939e-03
220745
1  0.000e+00
221065
221065
1  7.387e-04
221075
1  3.011e-03
221075
1  0.000e+00
221395
221395
1  7.387e-04
221405
1  2.898e-03
221405
1  0.000e+00
221725
221725
1  7.388e-04
221735
1  3.224e-03
221735
1  0.000e+00
222055
222055
1  7.387e-04
222065
1  2.774e-03
222065
1  0.000e+00
222385
222385
1  7.387e-04
222395
1  3.048e-03
222395
1  0.000e+00
222715
222715
1  7.387e-04
222725
1  2.931e-03
222725
1  0.000e+00
223045
223045
1  7.387e-04
223055
1  2.966e-03
223055
1  2.168e-19
223375
223375
1  7.387e-04
223385
1  2.939e-03
223385
1  0.000e+00
223705
223705
1  7.386e-04
223715
1  2.973e-03
223715
1  0.000e+00
224035
224035
1  7.387e-04
224045
1  3.095e-03
224045
1  0.000e+00
224365
224365
1  7.387e-04
224375
1  2.914e-03
224375
1  0.000e+00
224695
224695
1  7.386e-04
224705
1  3.011e-03
224705
1  0.000e+00
225025
225025
1  7.387e-04
225035
1  2.869e-03
225035
1  0.000e+00
225355
225355
1  7.387e-04
225365
1  2.909e-03
225365
1  0.000e+00
225685
225685
1  7.386e-04
225695
1  3.014e-03
225695
1  0.000e+00
226015
226015
1  7.387e-04
226025
1  3.009e-03
226025
1  0.000e+00
226345
226345
1  7.386e-04
226355
1  2.915e-03
226355
1  0.000e+00
226675
226675
1  7.386e-04
226685
1  2.672e-03
226685
1  0.000e+00
227005
227005
1  7.387e-04
227015
1  2.715e-03
227015
1  0.000e+00
227335
227335
1  7.388e-04
227345
1  2.841e-03
227345
1  0.000e+00
227665
227665
1  7.387e-04
227675
1  2.987e-03
227675
1  0.000e+00
227995
227995
1  7.387e-04
228005
1  3.060e-03
228005
1  0.000e+00
228325
228325
1  7.387e-04
228335
1  3.068e-03
228335
1  0.000e+00
228655
228655
1  7.386e-04
228665
1  2.948e-03
228665
1  0.000e+00
228985
228985
1  7.387e-04
228995
1  2.999e-03
228995
1  0.000e+00
229315
229315
1  7.388e-04
229325
1  2.891e-03
229325
1  0.000e+00
229645
229645
1  7.387e-04
229655
1  2.888e-03
229655
1  0.000e+00
229975
229975
1  7.388e-04
229985
1  2.850e-03
229985
1 -2.168e-19
230305
230305
1  7.387e-04
230315
1  2.896e-03
230315
1  0.000e+00
230635
230635
1  7.387e-04
230645
1  2.986e-03
230645
1  0.000e+00
230965
230965
1  7.386e-04
230975
1  2.928e-03
230975
1  0.000e+00
231295
231295
1  7.386e-04
231305
1  2.878e-03
231305
1  0.000e+00
231625
231625
1  7.387e-04
231635
1  3.213e-03
231635
1  0.000e+00
231955
231955
1  7.387e-04
231965
1  3.026e-03
231965
1  0.000e+00
232285
232285
1  7.386e-04
232295
1  3.120e-03
232295
1  0.000e+00
232615
232615
1  7.388e-04
232625
1  2.858e-03
232625
1  0.000e+00
232945
232945
1  7.388e-04
232955
1  2.975e-03
232955
1  0.000e+00
233275
233275
1  7.387e-04
233285
1  2.850e-03
233285
1  0.000e+00
233605
233605
1  7.387e-04
233615
1  2.901e-03
233615
1  0.000e+00
233935
233935
1  7.387e-04
233945
1  3.061e-03
233945
1  0.000e+00
234265
234265
1  7.386e-04
234275
1  2.774e-03
234275
1  0.000e+00
234595
234595
1  7.387e-04
234605
1  3.007e-03
234605
1  0.000e+00
234925
234925
1  7.387e-04
234935
1  2.895e-03
234935
1  0.000e+00
235255
235255
1  7.386e-04
235265
1  3.110e-03
235265
1  0.000e+00
235585
235585
1  7.386e-04
235595
1  3.102e-03
235595
1  0.000e+00
235915
235915
1  7.387e-04
235925
1  3.090e-03
235925
1  0.000e+00
236245
236245
1  7.386e-04
236255
1  2.961e-03
236255
1  0.000e+00
236575
236575
1  7.386e-04
236585
1  2.949e-03
236585
1  0.000e+00
236905
236905
1  7.387e-04
236915
1  2.894e-03
236915
1  0.000e+00
237235
237235
1  7.386e-04
237245
1  3.052e-03
237245
1  0.000e+00
237565
237565
1  7.386e-04
237575
1  3.104e-03
237575
1  0.000e+00
237895
237895
1  7.387e-04
237905
1  2.828e-03
237905
1  0.000e+00
238225
238225
1  7.386e-04
238235
1  3.081e-03
238235
1  0.000e+00
238555
238555
1  7.386e-04
238565
1  2.991e-03
238565
1  0.000e+00
238885
238885
1  7.387e-04
238895
1  2.821e-03
238895
1  0.000e+00
239215
239215
1  7.387e-04
239225
1  2.988e-03
239225
1 -2.168e-19
239545
239545
1  7.387e-04
239555
1  3.202e-03
239555
1  0.000e+00
239875
239875
1  7.386e-04
239885
1  2.950e-03
239885
1  0.000e+00
240205
240205
1  7.388e-04
240215
1  2.951e-03
240215
1  0.000e+00
240535
240535
1  7.387e-04
240545
1  3.066e-03
240545
1  0.000e+00
240865
240865
1  7.387e-04
240875
1  3.023e-03
240875
1  0.000e+00
241195
241195
1  7.388e-04
241205
1  3.093e-03
241205
1  0.000e+00
241525
241525
1  7.388e-04
241535
1  2.976e-03
241535
1  0.000e+00
241855
241855
1  7.388e-04
241865
1  3.172e-03
241865
1 -2.168e-19
242185
242185
1  7.387e-04
242195
1  2.882e-03
242195
1  0.000e+00
242515
242515
1  7.387e-04
242525
1  2.825e-03
242525
1  0.000e+00
242845
242845
1  7.386e-04
242855
1  2.925e-03
242855
1  0.000e+00
243175
243175
1  7.386e-04
243185
1  2.938e-03
243185
1  0.000e+00
243505
243505
1  7.388e-04
243515
1  2.916e-03
243515
1  0.000e+00
243835
243835
1  7.388e-04
243845
1  3.016e-03
243845
1  0.000e+00
244165
244165
1  7.386e-04
244175
1  2.909e-03
244175
1  0.000e+00
244495
244495
1  7.387e-04
244505
1  2.919e-03
244505
1  0.000e+00
244825
244825
1  7.387e-04
244835
1  3.170e-03
244835
1  0.000e+00
245155
245155
1  7.386e-04
245165
1  2.829e-03
245165
1  0.000e+00
245485
245485
1  7.387e-04
245495
1  2.994e-03
245495
1  0.000e+00
245815
245815
1  7.387e-04
245825
1  2.877e-03
245825
1  0.000e+00
246145
246145
1  7.388e-04
246155
1  3.017e-03
246155
1  0.000e+00
246475
246475
1  7.386e-04
246485
1  3.083e-03
246485
1  0.000e+00
246805
246805
1  7.387e-04
246815
1  2.955e-03
246815
1  0.000e+00
247135
247135
1  7.387e-04
247145
1  2.859e-03
247145
1  0.000e+00
247465
247465
1  7.388e-04
247475
1  2.965e-03
247475
1  0.000e+00
247795
247795
1  7.387e-04
247805
1  3.085e-03
247805
1  0.000e+00
248125
248125
1  7.386e-04
248135
1  3.009e-03
248135
1  0.000e+00
248455
248455
1  7.387e-04
248465
1  2.933e-03
248465
1  0.000e+00
248785
248785
1  7.388e-04
248795
1  3.137e-03
248795
1  0.000e+00
249115
249115
1  7.388e-04
249125
1  2.751e-03
249125
1  0.000e+00
249445
249445
1  7.388e-04
249455
1  3.066e-03
249455
1  4.337e-19
249775
249775
1  7.387e-04
249785
1  3.191e-03
249785
1  4.337e-19
250105
250105
1  7.387e-04
250115
1  3.062e-03
250115
1  4.337e-19
250435
250435
1  7.387e-04
250445
1  3.042e-03
250445
1  4.337e-19
250765
250765
1  7.386e-04
250775
1  2.915e-03
250775
1  4.337e-19
251095
251095
1  7.388e-04
251105
1  3.044e-03
251105
1  4.337e-19
251425
251425
1  7.386e-04
251435
1  2.999e-03
251435
1  4.337e-19
251755
251755
1  7.387e-04
251765
1  2.932e-03
251765
1  4.337e-19
252085
252085
1  7.387e-04
252095
1  2.977e-03
252095
1  4.337e-19
252415
252415
1  7.387e-04
252425
1  2.942e-03
252425
1  4.337e-19
252745
252745
1  7.388e-04
252755
1  2.908e-03
252755
1  4.337e-19
253075
253075
1  7.387e-04
253085
1  3.155e-03
253085
1  4.337e-19
253405
253405
1  7.387e-04
253415
1  2.993e-03
253415
1  4.337e-19
253735
253735
1  7.387e-04
253745
1  2.920e-03
253745
1  4.337e-19
254065
254065
1  7.387e-04
254075
1  2.911e-03
254075
1  6.505e-19
254395
254395
1  7.387e-04
254405
1  2.958e-03
254405
1  8.674e-19
254725
254725
1  7.387e-04
254735
1  2.818e-03
254735
1  8.674e-19
255055
255055
1  7.387e-04
255065
1  3.143e-03
255065
1  8.674e-19
255385
255385
1  7.386e-04
255395
1  3.094e-03
255395
1  8.674e-19
255715
255715
1  7.387e-04
255725
1  2.954e-03
255725
1  8.674e-19
256045
256045
1  7.386e-04
256055
1  3.160e-03
256055
1  6.505e-19
256375
256375
1  7.387e-04
256385
1  2.938e-03
256385
1  8.674e-19
256705
256705
1  7.387e-04
256715
1  3.106e-03
256715
1  8.674e-19
257035
257035
1  7.387e-04
257045
1  2.911e-03
257045
1  8.674e-19
257365
257365
1  7.387e-04
257375
1  3.144e-03
257375
1  8.674e-19
257695
257695
1  7.386e-04
257705
1  2.972e-03
257705
1  8.674e-19
258025
258025
1  7.387e-04
258035
1  3.110e-03
258035
1  8.674e-19
258355
258355
1  7.387e-04
258365
1  3.039e-03
258365
1  6.505e-19
258685
258685
1  7.387e-04
258695
1  2.892e-03
258695
1  8.674e-19
259015
259015
1  7.387e-04
259025
1  3.128e-03
259025
1  1.084e-18
259345
259345
1  7.387e-04
259355
1  2.811e-03
259355
1  8.674e-19
259675
259675
1  7.387e-04
259685
1  3.208e-03
259685
1  8.674e-19
260005
260005
1  7.387e-04
260015
1  3.113e-03
260015
1  8.674e-19
260335
260335
1  7.386e-04
260345
1  3.098e-03
260345
1  8.674e-19
260665
260665
1  7.387e-04
260675
1  3.129e-03
260675
1  8.674e-19
260995
260995
1  7.387e-04
261005
1  3.057e-03
261005
1  8.674e-19
261325
261325
1  7.386e-04
261335
1  3.011e-03
261335
1  8.674e-19
261655
261655
1  7.387e-04
261665
1  2.965e-03
261665
1  8.674e-19
261985
261985
1  7.387e-04
261995
1  3.069e-03
261995
1  8.674e-19
262315
262315
1  7.387e-04
262325
1  2.914e-03
262325
1  8.674e-19
262645
262645
1  7.387e-04
262655
1  3.036e-03
262655
1  8.674e-19
262975
262975
1  7.386e-04
262985
1  3.023e-03
262985
1  8.674e-19
263305
263305
1  7.387e-04
263315
1  3.114e-03
263315
1  8.674e-19
263635
263635
1  7.387e-04
263645
1  3.039e-03
263645
1  8.674e-19
263965
263965
1  7.386e-04
263975
1  3.125e-03
263975
1  8.674e-19
264295
264295
1  7.388e-04
264305
1  2.948e-03
264305
1  8.674e-19
264625
264625
1  7.388e-04
264635
1  2.937e-03
264635
1  8.674e-19
264955
264955
1  7.388e-04
264965
1  2.913e-03
264965
1  8.674e-19
265285
265285
1  7.387e-04
265295
1  2.856e-03
265295
1  8.674e-19
265615
265615
1  7.387e-04
265625
1  3.156e-03
265625
1  8.674e-19
265945
265945
1  7.387e-04
265955
1  3.287e-03
265955
1  8.674e-19
266275
266275
1  7.386e-04
266285
1  3.037e-03
266285
1  8.674e-19
266605
266605
1  7.387e-04
266615
1  2.972e-03
266615
1  8.674e-19
266935
266935
1  7.387e-04
266945
1  2.910e-03
266945
1  8.674e-19
267265
267265
1  7.386e-04
267275
1  2.853e-03
267275
1  8.674e-19
267595
267595
1  7.388e-04
267605
1  2.816e-03
267605
1  8.674e-19
267925
267925
1  7.388e-04
267935
1  2.897e-03
267935
1  8.674e-19
268255
268255
1  7.387e-04
268265
1  2.984e-03
268265
1  8.674e-19
268585
268585
1  7.387e-04
268595
1  2.948e-03
268595
1  8.674e-19
268915
268915
1  7.387e-04
268925
1  2.801e-03
268925
1  8.674e-19
269245
269245
1  7.387e-04
269255
1  2.978e-03
269255
1  8.674e-19
269575
269575
1  7.388e-04
269585
1  3.072e-03
269585
1  8.674e-19
269905
269905
1  7.387e-04
269915
1  2.922e-03
269915
1  8.674e-19
270235
270235
1  7.387e-04
270245
1  3.046e-03
270245
1  8.674e-19
270565
270565
1  7.386e-04
270575
1  2.921e-03
270575
1  8.674e-19
270895
270895
1  7.387e-04
270905
1  2.984e-03
270905
1  8.674e-19
271225
271225
1  7.386e-04
271235
1  3.001e-03
271235
1  8.674e-19
271555
271555
1  7.388e-04
271565
1  2.903e-03
271565
1  8.674e-19
271885
271885
1  7.386e-04
271895
1  2.774e-03
271895
1  8.674e-19
272215
272215
1  7.387e-04
272225
1  2.966e-03
272225
1  8.674e-19
272545
272545
1  7.387e-04
272555
1  2.896e-03
272555
1  8.674e-19
272875
272875
1  7.387e-04
272885
1  3.013e-03
272885
1  8.674e-19
273205
273205
1  7.387e-04
273215
1  3.107e-03
273215
1  8.674e-19
273535
273535
1  7.387e-04
273545
1  2.952e-03
273545
1  8.674e-19
273865
273865
1  7.387e-04
273875
1  3.034e-03
273875
1  8.674e-19
274195
274195
1  7.387e-04
274205
1  2.925e-03
274205
1  8.674e-19
274525
274525
1  7.387e-04
274535
1  3.101e-03
274535
1  8.674e-19
274855
274855
1  7.387e-04
274865
1  2.877e-03
274865
1  8.674e-19
275185
275185
1  7.388e-04
275195
1  3.041e-03
275195
1  8.674e-19
275515
275515
1  7.386e-04
275525
1  3.132e-03
275525
1  8.674e-19
275845
275845
1  7.387e-04
275855
1  3.079e-03
275855
1  8.674e-19
276175
276175
1  7.388e-04
276185
1  3.166e-03
276185
1  8.674e-19
276505
276505
1  7.387e-04
276515
1  2.912e-03
276515
1  8.674e-19
276835
276835
1  7.386e-04
276845
1  2.798e-03
276845
1  8.674e-19
277165
277165
1  7.387e-04
277175
1  2.866e-03
277175
1  8.674e-19
277495
277495
1  7.386e-04
277505
1  2.905e-03
277505
1  6.505e-19
277825
277825
1  7.387e-04
277835
1  3.008e-03
277835
1  8.674e-19
278155
278155
1  7.387e-04
278165
1  2.999e-03
278165
1  8.674e-19
278485
278485
1  7.387e-04
278495
1  3.057e-03
278495
1  8.674e-19
278815
278815
1  7.387e-04
278825
1  2.997e-03
278825
1  8.674e-19
279145
279145
1  7.387e-04
279155
1  2.911e-03
279155
1  8.674e-19
279475
279475
1  7.387e-04
279485
1  3.013e-03
279485
1  8.674e-19
279805
279805
1  7.387e-04
279815
1  3.110e-03
279815
1  8.674e-19
280135
280135
1  7.387e-04
280145
1  3.028e-03
280145
1  8.674e-19
280465
280465
1  7.387e-04
280475
1  3.124e-03
280475
1  8.674e-19
280795
280795
1  7.388e-04
280805
1  2.963e-03
280805
1  8.674e-19
281125
281125
1  7.388e-04
281135
1  2.945e-03
281135
1  8.674e-19
281455
281455
1  7.386e-04
281465
1  3.006e-03
281465
1  8.674e-19
281785
281785
1  7.387e-04
281795
1  3.027e-03
281795
1  8.674e-19
282115
282115
1  7.387e-04
282125
1  2.843e-03
282125
1  8.674e-19
282445
282445
1  7.387e-04
282455
1  2.927e-03
282455
1  8.674e-19
282775
282775
1  7.387e-04
282785
1  2.967e-03
282785
1  8.674e-19
283105
283105
1  7.387e-04
283115
1  3.170e-03
283115
1  8.674e-19
283435
283435
1  7.386e-04
283445
1  2.945e-03
283445
1  8.674e-19
283765
283765
1  7.387e-04
283775
1  3.111e-03
283775
1  8.674e-19
284095
284095
1  7.387e-04
284105
1  2.833e-03
284105
1  8.674e-19
284425
284425
1  7.387e-04
284435
1  3.013e-03
284435
1  8.674e-19
284755
284755
1  7.387e-04
284765
1  2.845e-03
284765
1  8.674e-19
285085
285085
1  7.387e-04
285095
1  2.893e-03
285095
1  8.674e-19
285415
285415
1  7.386e-04
285425
1  2.894e-03
285425
1  8.674e-19
285745
285745
1  7.387e-04
285755
1  2.814e-03
285755
1  8.674e-19
286075
286075
1  7.388e-04
286085
1  2.728e-03
286085
1  8.674e-19
286405
286405
1  7.387e-04
286415
1  2.828e-03
286415
1  8.674e-19
286735
286735
1  7.387e-04
286745
1  2.810e-03
286745
1  8.674e-19
287065
287065
1  7.387e-04
287075
1  3.047e-03
287075
1  8.674e-19
287395
287395
1  7.387e-04
287405
1  2.990e-03
287405
1  8.674e-19
287725
287725
1  7.387e-04
287735
1  2.880e-03
287735
1  8.674e-19
288055
288055
1  7.387e-04
288065
1  2.930e-03
288065
1  8.674e-19
288385
288385
1  7.388e-04
288395
1  2.875e-03
288395
1  8.674e-19
288715
288715
1  7.388e-04
288725
1  2.956e-03
288725
1  8.674e-19
289045
289045
1  7.387e-04
289055
1  3.033e-03
289055
1  8.674e-19
289375
289375
1  7.386e-04
289385
1  3.002e-03
289385
1  8.674e-19
289705
289705
1  7.386e-04
289715
1  2.994e-03
289715
1  8.674e-19
290035
290035
1  7.387e-04
290045
1  2.946e-03
290045
1  8.674e-19
290365
290365
1  7.387e-04
290375
1  2.871e-03
290375
1  8.674e-19
290695
290695
1  7.387e-04
290705
1  2.930e-03
290705
1  8.674e-19
291025
291025
1  7.388e-04
291035
1  2.956e-03
291035
1  8.674e-19
291355
291355
1  7.386e-04
291365
1  2.912e-03
291365
1  8.674e-19
291685
291685
1  7.387e-04
291695
1  2.707e-03
291695
1  8.674e-19
292015
292015
1  7.387e-04
292025
1  2.965e-03
292025
1  8.674e-19
292345
292345
1  7.388e-04
292355
1  2.993e-03
292355
1  8.674e-19
292675
292675
1  7.387e-04
292685
1  3.039e-03
292685
1  6.505e-19
293005
293005
1  7.387e-04
293015
1  2.940e-03
293015
1  8.674e-19
293335
293335
1  7.387e-04
293345
1  2.961e-03
293345
1  8.674e-19
293665
293665
1  7.387e-04
293675
1  3.119e-03
293675
1  8.674e-19
293995
293995
1  7.387e-04
294005
1  2.910e-03
294005
1  8.674e-19
294325
294325
1  7.387e-04
294335
1  3.172e-03
294335
1  8.674e-19
294655
294655
1  7.386e-04
294665
1  2.942e-03
294665
1  1.084e-18
294985
294985
1  7.387e-04
294995
1  3.182e-03
294995
1  8.674e-19
295315
295315
1  7.387e-04
295325
1  2.878e-03
295325
1  8.674e-19
295645
295645
1  7.387e-04
295655
1  2.899e-03
295655
1  8.674e-19
295975
295975
1  7.387e-04
295985
1  2.936e-03
295985
1  8.674e-19
296305
296305
1  7.386e-04
296315
1  3.031e-03
296315
1  8.674e-19
296635
296635
1  7.386e-04
296645
1  2.947e-03
296645
1  8.674e-19
296965
296965
1  7.386e-04
296975
1  2.933e-03
296975
1  8.674e-19
297295
297295
1  7.387e-04
297305
1  3.013e-03
297305
1  8.674e-19
297625
297625
1  7.387e-04
297635
1  2.983e-03
297635
1  8.674e-19
297955
297955
1  7.387e-04
297965
1  2.909e-03
297965
1  8.674e-19
298285
298285
1  7.387e-04
298295
1  3.048e-03
298295
1  8.674e-19
298615
298615
1  7.387e-04
298625
1  3.065e-03
298625
1  8.674e-19
298945
298945
1  7.387e-04
298955
1  2.849e-03
298955
1  8.674e-19
299275
299275
1  7.387e-04
299285
1  3.067e-03
299285
1  8.674e-19
299605
299605
1  7.388e-04
299615
1  2.989e-03
299615
1  8.674e-19
299935
299935
1  7.386e-04
299945
1  3.078e-03
299945
1  8.674e-19
300265
300265
1  7.387e-04
300275
1  3.070e-03
300275
1  8.674e-19
300595
300595
1  7.386e-04
300605
1  3.093e-03
300605
1  8.674e-19
300925
300925
1  7.387e-04
300935
1  2.993e-03
300935
1  8.674e-19
301255
301255
1  7.387e-04
301265
1  3.081e-03
301265
1  8.674e-19
301585
301585
1  7.387e-04
301595
1  2.908e-03
301595
1  8.674e-19
301915
301915
1  7.387e-04
301925
1  3.049e-03
301925
1  8.674e-19
302245
302245
1  7.386e-04
302255
1  3.026e-03
302255
1  8.674e-19
302575
302575
1  7.386e-04
302585
1  2.914e-03
302585
1  8.674e-19
302905
302905
1  7.387e-04
302915
1  2.724e-03
302915
1  8.674e-19
303235
303235
1  7.387e-04
303245
1  3.039e-03
303245
1  8.674e-19
303565
303565
1  7.387e-04
303575
1  2.683e-03
303575
1  8.674e-19
303895
303895
1  7.387e-04
303905
1  3.090e-03
303905
1  8.674e-19
304225
304225
1  7.387e-04
304235
1  3.034e-03
304235
1  8.674e-19
304555
304555
1  7.387e-04
304565
1  3.008e-03
304565
1  8.674e-19
304885
304885
1  7.387e-04
304895
1  3.055e-03
304895
1  8.674e-19
305215
305215
1  7.386e-04
305225
1  2.874e-03
305225
1  8.674e-19
305545
305545
1  7.387e-04
305555
1  3.025e-03
305555
1  8.674e-19
305875
305875
1  7.388e-04
305885
1  2.856e-03
305885
1  8.674e-19
306205
306205
1  7.387e-04
306215
1  2.995e-03
306215
1  8.674e-19
306535
306535
1  7.387e-04
306545
1  2.948e-03
306545
1  8.674e-19
306865
306865
1  7.386e-04
306875
1  2.915e-03
306875
1  8.674e-19
307195
307195
1  7.387e-04
307205
1  3.051e-03
307205
1  6.505e-19
307525
307525
1  7.387e-04
307535
1  3.186e-03
307535
1  8.674e-19
307855
307855
1  7.386e-04
307865
1  3.065e-03
307865
1  1.084e-18
308185
308185
1  7.386e-04
308195
1  3.010e-03
308195
1  8.674e-19
308515
308515
1  7.387e-04
308525
1  3.050e-03
308525
1  8.674e-19
308845
308845
1  7.387e-04
308855
1  2.917e-03
308855
1  8.674e-19
309175
309175
1  7.386e-04
309185
1  3.032e-03
309185
1  8.674e-19
309505
309505
1  7.387e-04
309515
1  3.096e-03
309515
1  8.674e-19
309835
309835
1  7.387e-04
309845
1  3.065e-03
309845
1  8.674e-19
310165
310165
1  7.387e-04
310175
1  3.034e-03
310175
1  8.674e-19
310495
310495
1  7.388e-04
310505
1  2.987e-03
310505
1  8.674e-19
310825
310825
1  7.387e-04
310835
1  2.987e-03
310835
1  8.674e-19
311155
311155
1  7.386e-04
311165
1  2.891e-03
311165
1  8.674e-19
311485
311485
1  7.387e-04
311495
1  3.015e-03
311495
1  8.674e-19
311815
311815
1  7.387e-04
311825
1  3.036e-03
311825
1  8.674e-19
312145
312145
1  7.387e-04
312155
1  3.142e-03
312155
1  8.674e-19
312475
312475
1  7.386e-04
312485
1  2.848e-03
312485
1  8.674e-19
312805
312805
1  7.387e-04
312815
1  3.055e-03
312815
1  8.674e-19
313135
313135
1  7.388e-04
313145
1  3.047e-03
313145
1  8.674e-19
313465
313465
1  7.386e-04
313475
1  2.991e-03
313475
1  8.674e-19
313795
313795
1  7.386e-04
313805
1  2.944e-03
313805
1  8.674e-19
314125
314125
1  7.387e-04
314135
1  3.012e-03
314135
1  8.674e-19
314455
314455
1  7.388e-04
314465
1  2.990e-03
314465
1  8.674e-19
314785
314785
1  7.387e-04
314795
1  2.738e-03
314795
1  8.674e-19
315115
315115
1  7.387e-04
315125
1  3.008e-03
315125
1  8.674e-19
315445
315445
1  7.387e-04
315455
1  3.104e-03
315455
1  8.674e-19
315775
315775
1  7.387e-04
315785
1  3.066e-03
315785
1  8.674e-19
316105
316105
1  7.387e-04
316115
1  2.822e-03
316115
1  8.674e-19
316435
316435
1  7.387e-04
316445
1  3.036e-03
316445
1  8.674e-19
316765
316765
1  7.386e-04
316775
1  3.040e-03
316775
1  8.674e-19
317095
317095
1  7.387e-04
317105
1  2.800e-03
317105
1  8.674e-19
317425
317425
1  7.387e-04
317435
1  2.914e-03
317435
1  6.505e-19
317755
317755
1  7.387e-04
317765
1  3.081e-03
317765
1  8.674e-19
318085
318085
1  7.387e-04
318095
1  3.008e-03
318095
1  8.674e-19
318415
318415
1  7.387e-04
318425
1  3.208e-03
318425
1  8.674e-19
318745
318745
1  7.387e-04
318755
1  3.108e-03
318755
1  8.674e-19
319075
319075
1  7.387e-04
319085
1  3.088e-03
319085
1  8.674e-19
319405
319405
1  7.388e-04
319415
1  2.979e-03
319415
1  8.674e-19
319735
319735
1  7.387e-04
319745
1  3.188e-03
319745
1  8.674e-19
320065
320065
1  7.387e-04
320075
1  2.936e-03
320075
1  8.674e-19
320395
320395
1  7.387e-04
320405
1  3.011e-03
320405
1  1.084e-18
320725
320725
1  7.387e-04
320735
1  3.009e-03
320735
1  8.674e-19
321055
321055
1  7.386e-04
321065
1  3.041e-03
321065
1  8.674e-19
321385
321385
1  7.388e-04
321395
1  3.033e-03
321395
1  8.674e-19
321715
321715
1  7.388e-04
321725
1  3.066e-03
321725
1  8.674e-19
322045
322045
1  7.387e-04
322055
1  3.017e-03
322055
1  8.674e-19
322375
322375
1  7.388e-04
322385
1  3.052e-03
322385
1  8.674e-19
322705
322705
1  7.387e-04
322715
1  3.160e-03
322715
1  8.674e-19
323035
323035
1  7.387e-04
323045
1  2.935e-03
323045
1  8.674e-19
323365
323365
1  7.386e-04
323375
1  3.021e-03
323375
1  8.674e-19
323695
323695
1  7.387e-04
323705
1  3.114e-03
323705
1  8.674e-19
324025
324025
1  7.386e-04
324035
1  3.072e-03
324035
1  8.674e-19
324355
324355
1  7.387e-04
324365
1  2.968e-03
324365
1  8.674e-19
324685
324685
1  7.386e-04
324695
1  3.054e-03
324695
1  8.674e-19
325015
325015
1  7.388e-04
325025
1  3.008e-03
325025
1  8.674e-19
325345
325345
1  7.387e-04
325355
1  2.991e-03
325355
1  8.674e-19
325675
325675
1  7.387e-04
325685
1  2.869e-03
325685
1  8.674e-19
326005
326005
1  7.386e-04
326015
1  3.023e-03
326015
1  8.674e-19
326335
326335
1  7.386e-04
326345
1  3.001e-03
326345
1  8.674e-19
326665
326665
1  7.387e-04
326675
1  2.990e-03
326675
1  6.505e-19
326995
326995
1  7.387e-04
327005
1  3.081e-03
327005
1  8.674e-19
327325
327325
1  7.386e-04
327335
1  2.877e-03
327335
1  8.674e-19
327655
327655
1  7.386e-04
327665
1  2.836e-03
327665
1  8.674e-19
327985
327985
1  7.387e-04
327995
1  3.119e-03
327995
1  8.674e-19
328315
328315
1  7.386e-04
328325
1  2.994e-03
328325
1  8.674e-19
328645
328645
1  7.388e-04
328655
1  2.832e-03
328655
1  8.674e-19
328975
328975
1  7.387e-04
328985
1  3.023e-03
328985
1  8.674e-19
329305
329305
1  7.387e-04
329315
1  2.817e-03
329315
1  8.674e-19
329635
329635
1  7.386e-04
329645
1  3.035e-03
329645
1  8.674e-19
329965
329965
1  7.386e-04
329975
1  3.105e-03
329975
1  8.674e-19
330035
; file closed at 330035ns
; trailer 819505344
