#! /usr/bin/vvp
:ivl_version "10.3 (stable)";
:ivl_delay_selection "TYPICAL";
:vpi_time_precision + 0;
:vpi_module "system";
:vpi_module "vhdl_sys";
:vpi_module "v2005_math";
:vpi_module "va_math";
S_0x5610627e3820 .scope module, "Top_tb" "Top_tb" 2 3;
 .timescale 0 0;
v0x56106285e270_0 .var "aes_ready", 0 0;
v0x56106285e330_0 .net "aes_start", 0 0, v0x5610628170d0_0;  1 drivers
v0x56106285e440_0 .var "clk", 0 0;
v0x56106285e4e0_0 .var "ct_from_aes", 127 0;
v0x56106285e5d0_0 .var "din_temp", 7 0;
v0x56106285e710_0 .net "pt_to_aes", 127 0, v0x561062813fc0_0;  1 drivers
v0x56106285e820_0 .var "reset", 0 0;
v0x56106285e8c0_0 .net "serial", 0 0, v0x56106285d230_0;  1 drivers
v0x56106285e960_0 .net "tx", 0 0, v0x561062857470_0;  1 drivers
v0x56106285ea00_0 .net "tx_done_temp", 0 0, v0x56106285d2d0_0;  1 drivers
v0x56106285eaa0_0 .var "tx_start_temp", 0 0;
E_0x5610627f9650 .event edge, v0x56106281c520_0;
S_0x5610627e39a0 .scope module, "final" "comm" 2 17, 3 12 0, S_0x5610627e3820;
 .timescale 0 0;
    .port_info 0 /INPUT 1 "clk"
    .port_info 1 /INPUT 1 "reset"
    .port_info 2 /INPUT 1 "rx"
    .port_info 3 /OUTPUT 1 "tx"
    .port_info 4 /INPUT 1 "aes_ready"
    .port_info 5 /OUTPUT 1 "aes_start"
    .port_info 6 /OUTPUT 128 "pt_to_aes"
    .port_info 7 /INPUT 128 "ct_from_aes"
v0x56106285ace0_0 .net "aes_ready", 0 0, v0x56106285e270_0;  1 drivers
v0x56106285ada0_0 .net "aes_start", 0 0, v0x5610628170d0_0;  alias, 1 drivers
v0x56106285ae40_0 .net "clk", 0 0, v0x56106285e440_0;  1 drivers
v0x56106285aee0_0 .net "ct_CB_to_txBuffer", 127 0, v0x56106281e6b0_0;  1 drivers
v0x56106285af80_0 .net "ct_from_aes", 127 0, v0x56106285e4e0_0;  1 drivers
v0x56106285b070_0 .net "pt_to_aes", 127 0, v0x561062813fc0_0;  alias, 1 drivers
v0x56106285b110_0 .net "reset", 0 0, v0x56106285e820_0;  1 drivers
v0x56106285b1b0_0 .net "rx", 0 0, v0x56106285d230_0;  alias, 1 drivers
v0x56106285b2a0_0 .net "rxBuffer_to_CB", 127 0, v0x561062854c30_0;  1 drivers
v0x56106285b340_0 .net "rx_done", 0 0, v0x561062852fc0_0;  1 drivers
v0x56106285b3e0_0 .net "rx_empty", 0 0, L_0x56106285f010;  1 drivers
v0x56106285b4d0_0 .net "rx_overflow", 0 0, L_0x5610627edd10;  1 drivers
v0x56106285b570_0 .net "rx_read_en", 0 0, v0x561062851ed0_0;  1 drivers
v0x56106285b660_0 .net "rx_shiftReg_to_buffer", 127 0, v0x561062855e60_0;  1 drivers
v0x56106285b750_0 .net "rx_to_shiftReg", 7 0, v0x561062852bd0_0;  1 drivers
v0x56106285b7f0_0 .net "rx_write_en", 0 0, v0x5610628560f0_0;  1 drivers
v0x56106285b8e0_0 .net "shiftReg_to_tx", 7 0, v0x56106285a6b0_0;  1 drivers
v0x56106285bab0_0 .net "tx", 0 0, v0x561062857470_0;  alias, 1 drivers
v0x56106285bba0_0 .net "txBuffer_to_shiftReg", 127 0, v0x561062859120_0;  1 drivers
v0x56106285bcb0_0 .net "tx_done", 0 0, v0x561062857530_0;  1 drivers
v0x56106285bd50_0 .net "tx_empty", 0 0, L_0x56106285f580;  1 drivers
v0x56106285be40_0 .net "tx_overflow", 0 0, L_0x56106285f2e0;  1 drivers
v0x56106285bf30_0 .net "tx_read_en", 0 0, v0x56106285a0e0_0;  1 drivers
v0x56106285c020_0 .net "tx_start", 0 0, v0x56106285aaa0_0;  1 drivers
v0x56106285c0c0_0 .net "tx_write_en", 0 0, v0x561062852210_0;  1 drivers
S_0x5610627cd8b0 .scope module, "CB" "control_block" 3 42, 4 1 0, S_0x5610627e39a0;
 .timescale 0 0;
    .port_info 0 /INPUT 1 "clk"
    .port_info 1 /INPUT 1 "reset"
    .port_info 2 /INPUT 128 "pt"
    .port_info 3 /INPUT 1 "rx_empty"
    .port_info 4 /OUTPUT 1 "rx_read"
    .port_info 5 /INPUT 1 "tx_overflow"
    .port_info 6 /OUTPUT 1 "tx_write"
    .port_info 7 /OUTPUT 128 "ct"
    .port_info 8 /INPUT 1 "aes_ready"
    .port_info 9 /OUTPUT 1 "aes_start"
    .port_info 10 /OUTPUT 128 "pt_to_aes"
    .port_info 11 /INPUT 128 "ct_from_aes"
v0x5610628151e0_0 .net "aes_ready", 0 0, v0x56106285e270_0;  alias, 1 drivers
v0x5610628170d0_0 .var "aes_start", 0 0;
v0x56106281c520_0 .net "clk", 0 0, v0x56106285e440_0;  alias, 1 drivers
v0x56106281e6b0_0 .var "ct", 127 0;
v0x56106280ff40_0 .net "ct_from_aes", 127 0, v0x56106285e4e0_0;  alias, 1 drivers
v0x561062810ba0_0 .net "pt", 127 0, v0x561062854c30_0;  alias, 1 drivers
v0x561062813fc0_0 .var "pt_to_aes", 127 0;
v0x561062851d50_0 .net "reset", 0 0, v0x56106285e820_0;  alias, 1 drivers
v0x561062851e10_0 .net "rx_empty", 0 0, L_0x56106285f010;  alias, 1 drivers
v0x561062851ed0_0 .var "rx_read", 0 0;
v0x561062851f90_0 .var "state", 1 0;
v0x561062852070_0 .var "state_next", 1 0;
v0x561062852150_0 .net "tx_overflow", 0 0, L_0x56106285f2e0;  alias, 1 drivers
v0x561062852210_0 .var "tx_write", 0 0;
E_0x5610627fa150 .event posedge, v0x56106281c520_0;
E_0x5610627fa8c0 .event edge, v0x561062851d50_0;
S_0x5610628524c0 .scope module, "receiver" "UART_receiver" 3 30, 5 1 0, S_0x5610627e39a0;
 .timescale 0 0;
    .port_info 0 /INPUT 1 "clk"
    .port_info 1 /INPUT 1 "reset"
    .port_info 2 /INPUT 1 "rx"
    .port_info 3 /OUTPUT 8 "d_out"
    .port_info 4 /OUTPUT 1 "rx_done"
v0x561062853b70_0 .net "clk", 0 0, v0x56106285e440_0;  alias, 1 drivers
v0x561062853c10_0 .net "d_out", 7 0, v0x561062852bd0_0;  alias, 1 drivers
v0x561062853cd0_0 .net "reset", 0 0, v0x56106285e820_0;  alias, 1 drivers
v0x561062853d70_0 .net "rx", 0 0, v0x56106285d230_0;  alias, 1 drivers
v0x561062853e40_0 .net "rx_done", 0 0, v0x561062852fc0_0;  alias, 1 drivers
v0x561062853f30_0 .net "s_tick", 0 0, v0x561062853a90_0;  1 drivers
S_0x5610628526e0 .scope module, "RX" "UART_rx" 5 11, 6 1 0, S_0x5610628524c0;
 .timescale 0 0;
    .port_info 0 /INPUT 1 "clk"
    .port_info 1 /INPUT 1 "reset"
    .port_info 2 /INPUT 1 "rx"
    .port_info 3 /INPUT 1 "s_tick"
    .port_info 4 /OUTPUT 8 "d_out"
    .port_info 5 /OUTPUT 1 "rx_done_flag"
v0x561062852950_0 .var "b_next", 7 0;
v0x561062852a50_0 .var "b_reg", 7 0;
v0x561062852b30_0 .net "clk", 0 0, v0x56106285e440_0;  alias, 1 drivers
v0x561062852bd0_0 .var "d_out", 7 0;
v0x561062852c70_0 .var "n_next", 2 0;
v0x561062852da0_0 .var "n_reg", 2 0;
v0x561062852e80_0 .net "reset", 0 0, v0x56106285e820_0;  alias, 1 drivers
v0x561062852f20_0 .net "rx", 0 0, v0x56106285d230_0;  alias, 1 drivers
v0x561062852fc0_0 .var "rx_done_flag", 0 0;
v0x561062853080_0 .var "s_next", 3 0;
v0x561062853160_0 .var "s_reg", 3 0;
v0x561062853240_0 .net "s_tick", 0 0, v0x561062853a90_0;  alias, 1 drivers
v0x561062853300_0 .var "state_next", 1 0;
v0x5610628533e0_0 .var "state_reg", 1 0;
S_0x561062853580 .scope module, "sampleTicker" "sample_ticker_rx" 5 10, 7 1 0, S_0x5610628524c0;
 .timescale 0 0;
    .port_info 0 /INPUT 1 "clk"
    .port_info 1 /INPUT 1 "reset"
    .port_info 2 /OUTPUT 1 "s_tick"
v0x5610628537b0_0 .net "clk", 0 0, v0x56106285e440_0;  alias, 1 drivers
v0x5610628538c0_0 .var "counter", 7 0;
v0x5610628539a0_0 .net "reset", 0 0, v0x56106285e820_0;  alias, 1 drivers
v0x561062853a90_0 .var "s_tick", 0 0;
E_0x5610627f9a50 .event posedge, v0x561062851d50_0;
S_0x561062854040 .scope module, "rx_buffer" "fifo" 3 38, 8 1 0, S_0x5610627e39a0;
 .timescale 0 0;
    .port_info 0 /INPUT 1 "clk"
    .port_info 1 /INPUT 1 "reset"
    .port_info 2 /INPUT 128 "din"
    .port_info 3 /INPUT 1 "write_en"
    .port_info 4 /INPUT 1 "read_en"
    .port_info 5 /OUTPUT 128 "dout"
    .port_info 6 /OUTPUT 1 "empty"
    .port_info 7 /OUTPUT 1 "overflow"
L_0x5610627edd10 .functor BUFZ 1, L_0x56106285eb90, C4<0>, C4<0>, C4<0>;
v0x561062854330_0 .net *"_s0", 0 0, L_0x56106285eb90;  1 drivers
v0x561062854410_0 .net *"_s10", 4 0, L_0x56106285eed0;  1 drivers
L_0x7f356c1ad060 .functor BUFT 1, C4<00>, C4<0>, C4<0>, C4<0>;
v0x5610628544f0_0 .net *"_s13", 1 0, L_0x7f356c1ad060;  1 drivers
v0x5610628545e0_0 .net *"_s2", 4 0, L_0x56106285ec50;  1 drivers
L_0x7f356c1ad018 .functor BUFT 1, C4<00>, C4<0>, C4<0>, C4<0>;
v0x5610628546c0_0 .net *"_s5", 1 0, L_0x7f356c1ad018;  1 drivers
v0x5610628547f0_0 .net *"_s8", 0 0, L_0x56106285ee30;  1 drivers
v0x5610628548d0 .array "buff", 0 6, 127 0;
v0x561062854990_0 .net "clk", 0 0, v0x56106285e440_0;  alias, 1 drivers
v0x561062854ac0_0 .net "din", 127 0, v0x561062855e60_0;  alias, 1 drivers
v0x561062854c30_0 .var "dout", 127 0;
v0x561062854cf0_0 .net "empty", 0 0, L_0x56106285f010;  alias, 1 drivers
v0x561062854dc0 .array "hasData", 0 6, 0 0;
v0x561062854e60_0 .var "load_index", 2 0;
v0x561062854f00_0 .var "load_index_next", 2 0;
v0x561062854fe0_0 .net "overflow", 0 0, L_0x5610627edd10;  alias, 1 drivers
v0x5610628550a0_0 .net "read_en", 0 0, v0x561062851ed0_0;  alias, 1 drivers
v0x561062855170_0 .var "read_index", 2 0;
v0x561062855230_0 .var "read_index_next", 2 0;
v0x561062855310_0 .net "reset", 0 0, v0x56106285e820_0;  alias, 1 drivers
v0x5610628553b0_0 .var "state", 1 0;
v0x561062855490_0 .var "state_next", 1 0;
v0x561062855570_0 .net "write_en", 0 0, v0x5610628560f0_0;  alias, 1 drivers
L_0x56106285eb90 .array/port v0x561062854dc0, L_0x56106285ec50;
L_0x56106285ec50 .concat [ 3 2 0 0], v0x561062854e60_0, L_0x7f356c1ad018;
L_0x56106285ee30 .array/port v0x561062854dc0, L_0x56106285eed0;
L_0x56106285eed0 .concat [ 3 2 0 0], v0x561062855170_0, L_0x7f356c1ad060;
L_0x56106285f010 .reduce/nor L_0x56106285ee30;
S_0x561062855730 .scope module, "rx_shifter" "rx_shift" 3 34, 9 1 0, S_0x5610627e39a0;
 .timescale 0 0;
    .port_info 0 /INPUT 1 "clk"
    .port_info 1 /INPUT 1 "reset"
    .port_info 2 /INPUT 8 "din"
    .port_info 3 /INPUT 1 "rx_done"
    .port_info 4 /OUTPUT 128 "dout"
    .port_info 5 /OUTPUT 1 "shift_done"
v0x561062855950_0 .net "clk", 0 0, v0x56106285e440_0;  alias, 1 drivers
v0x561062855a10_0 .var "ctr", 3 0;
v0x561062855af0_0 .var "ctr_next", 3 0;
v0x561062855be0_0 .var "data", 127 0;
v0x561062855cc0_0 .var "data_next", 127 0;
v0x561062855da0_0 .net "din", 7 0, v0x561062852bd0_0;  alias, 1 drivers
v0x561062855e60_0 .var "dout", 127 0;
v0x561062855f20_0 .net "reset", 0 0, v0x56106285e820_0;  alias, 1 drivers
v0x561062855fc0_0 .net "rx_done", 0 0, v0x561062852fc0_0;  alias, 1 drivers
v0x5610628560f0_0 .var "shift_done", 0 0;
v0x561062856190_0 .var "state", 1 0;
v0x561062856230_0 .var "state_next", 1 0;
S_0x561062856410 .scope module, "transmitter" "UART_transmitter" 3 52, 10 1 0, S_0x5610627e39a0;
 .timescale 0 0;
    .port_info 0 /INPUT 1 "clk"
    .port_info 1 /INPUT 1 "reset"
    .port_info 2 /INPUT 1 "tx_start"
    .port_info 3 /INPUT 8 "din"
    .port_info 4 /OUTPUT 1 "tx_done"
    .port_info 5 /OUTPUT 1 "tx"
v0x561062857e60_0 .net "clk", 0 0, v0x56106285e440_0;  alias, 1 drivers
v0x561062858010_0 .net "din", 7 0, v0x56106285a6b0_0;  alias, 1 drivers
v0x561062858100_0 .net "reset", 0 0, v0x56106285e820_0;  alias, 1 drivers
v0x5610628582e0_0 .net "s_tick", 0 0, v0x561062857d80_0;  1 drivers
v0x5610628583d0_0 .net "tx", 0 0, v0x561062857470_0;  alias, 1 drivers
v0x5610628584c0_0 .net "tx_done", 0 0, v0x561062857530_0;  alias, 1 drivers
v0x561062858560_0 .net "tx_start", 0 0, v0x56106285aaa0_0;  alias, 1 drivers
S_0x5610628566d0 .scope module, "TX" "UART_tx" 10 12, 11 1 0, S_0x561062856410;
 .timescale 0 0;
    .port_info 0 /INPUT 1 "clk"
    .port_info 1 /INPUT 1 "reset"
    .port_info 2 /INPUT 1 "tx_start"
    .port_info 3 /INPUT 1 "s_tick"
    .port_info 4 /INPUT 8 "d_in"
    .port_info 5 /OUTPUT 1 "tx_done_flag"
    .port_info 6 /OUTPUT 1 "tx"
v0x5610628569b0_0 .var "b_next", 7 0;
v0x561062856ab0_0 .var "b_reg", 7 0;
v0x561062856b90_0 .net "clk", 0 0, v0x56106285e440_0;  alias, 1 drivers
v0x561062856c30_0 .net "d_in", 7 0, v0x56106285a6b0_0;  alias, 1 drivers
v0x561062856cf0_0 .var "n_next", 2 0;
v0x561062856e20_0 .var "n_reg", 2 0;
v0x561062856f00_0 .net "reset", 0 0, v0x56106285e820_0;  alias, 1 drivers
v0x561062856fa0_0 .var "s_next", 3 0;
v0x561062857080_0 .var "s_reg", 3 0;
v0x5610628571f0_0 .net "s_tick", 0 0, v0x561062857d80_0;  alias, 1 drivers
v0x5610628572b0_0 .var "state_next", 1 0;
v0x561062857390_0 .var "state_reg", 1 0;
v0x561062857470_0 .var "tx", 0 0;
v0x561062857530_0 .var "tx_done_flag", 0 0;
v0x5610628575f0_0 .var "tx_next", 0 0;
v0x5610628576b0_0 .var "tx_reg", 0 0;
v0x561062857770_0 .net "tx_start", 0 0, v0x56106285aaa0_0;  alias, 1 drivers
S_0x561062857950 .scope module, "sampleTicker" "sample_ticker_tx" 10 11, 12 1 0, S_0x561062856410;
 .timescale 0 0;
    .port_info 0 /INPUT 1 "clk"
    .port_info 1 /INPUT 1 "reset"
    .port_info 2 /OUTPUT 1 "s_tick"
v0x561062857b40_0 .net "clk", 0 0, v0x56106285e440_0;  alias, 1 drivers
v0x561062857c00_0 .var "counter", 7 0;
v0x561062857ce0_0 .net "reset", 0 0, v0x56106285e820_0;  alias, 1 drivers
v0x561062857d80_0 .var "s_tick", 0 0;
S_0x561062858650 .scope module, "tx_buffer" "fifo" 3 46, 8 1 0, S_0x5610627e39a0;
 .timescale 0 0;
    .port_info 0 /INPUT 1 "clk"
    .port_info 1 /INPUT 1 "reset"
    .port_info 2 /INPUT 128 "din"
    .port_info 3 /INPUT 1 "write_en"
    .port_info 4 /INPUT 1 "read_en"
    .port_info 5 /OUTPUT 128 "dout"
    .port_info 6 /OUTPUT 1 "empty"
    .port_info 7 /OUTPUT 1 "overflow"
L_0x56106285f2e0 .functor BUFZ 1, L_0x56106285f100, C4<0>, C4<0>, C4<0>;
v0x561062858940_0 .net *"_s0", 0 0, L_0x56106285f100;  1 drivers
v0x561062858a40_0 .net *"_s10", 4 0, L_0x56106285f440;  1 drivers
L_0x7f356c1ad0f0 .functor BUFT 1, C4<00>, C4<0>, C4<0>, C4<0>;
v0x561062858b20_0 .net *"_s13", 1 0, L_0x7f356c1ad0f0;  1 drivers
v0x561062858c10_0 .net *"_s2", 4 0, L_0x56106285f1a0;  1 drivers
L_0x7f356c1ad0a8 .functor BUFT 1, C4<00>, C4<0>, C4<0>, C4<0>;
v0x561062858cf0_0 .net *"_s5", 1 0, L_0x7f356c1ad0a8;  1 drivers
v0x561062858e20_0 .net *"_s8", 0 0, L_0x56106285f3a0;  1 drivers
v0x561062858f00 .array "buff", 0 6, 127 0;
v0x561062858fc0_0 .net "clk", 0 0, v0x56106285e440_0;  alias, 1 drivers
v0x561062859060_0 .net "din", 127 0, v0x56106281e6b0_0;  alias, 1 drivers
v0x561062859120_0 .var "dout", 127 0;
v0x5610628591e0_0 .net "empty", 0 0, L_0x56106285f580;  alias, 1 drivers
v0x5610628592a0 .array "hasData", 0 6, 0 0;
v0x561062859340_0 .var "load_index", 2 0;
v0x561062859420_0 .var "load_index_next", 2 0;
v0x561062859500_0 .net "overflow", 0 0, L_0x56106285f2e0;  alias, 1 drivers
v0x5610628595d0_0 .net "read_en", 0 0, v0x56106285a0e0_0;  alias, 1 drivers
v0x561062859670_0 .var "read_index", 2 0;
v0x561062859860_0 .var "read_index_next", 2 0;
v0x561062859940_0 .net "reset", 0 0, v0x56106285e820_0;  alias, 1 drivers
v0x5610628599e0_0 .var "state", 1 0;
v0x561062859ac0_0 .var "state_next", 1 0;
v0x561062859ba0_0 .net "write_en", 0 0, v0x561062852210_0;  alias, 1 drivers
L_0x56106285f100 .array/port v0x5610628592a0, L_0x56106285f1a0;
L_0x56106285f1a0 .concat [ 3 2 0 0], v0x561062859340_0, L_0x7f356c1ad0a8;
L_0x56106285f3a0 .array/port v0x5610628592a0, L_0x56106285f440;
L_0x56106285f440 .concat [ 3 2 0 0], v0x561062859670_0, L_0x7f356c1ad0f0;
L_0x56106285f580 .reduce/nor L_0x56106285f3a0;
S_0x561062859d50 .scope module, "tx_shifter" "tx_shift" 3 50, 13 1 0, S_0x5610627e39a0;
 .timescale 0 0;
    .port_info 0 /INPUT 1 "clk"
    .port_info 1 /INPUT 1 "reset"
    .port_info 2 /INPUT 128 "din"
    .port_info 3 /INPUT 1 "tx_done"
    .port_info 4 /INPUT 1 "buffer_empty"
    .port_info 5 /OUTPUT 1 "buffer_read"
    .port_info 6 /OUTPUT 8 "dout"
    .port_info 7 /OUTPUT 1 "tx_start"
v0x561062859ff0_0 .net "buffer_empty", 0 0, L_0x56106285f580;  alias, 1 drivers
v0x56106285a0e0_0 .var "buffer_read", 0 0;
v0x56106285a1b0_0 .net "clk", 0 0, v0x56106285e440_0;  alias, 1 drivers
v0x56106285a280_0 .var "ctr", 3 0;
v0x56106285a320_0 .var "ctr_next", 3 0;
v0x56106285a430_0 .var "data", 127 0;
v0x56106285a510_0 .var "data_next", 127 0;
v0x56106285a5f0_0 .net "din", 127 0, v0x561062859120_0;  alias, 1 drivers
v0x56106285a6b0_0 .var "dout", 7 0;
v0x56106285a750_0 .net "reset", 0 0, v0x56106285e820_0;  alias, 1 drivers
v0x56106285a7f0_0 .var "state", 1 0;
v0x56106285a8d0_0 .var "state_next", 1 0;
v0x56106285a9b0_0 .net "tx_done", 0 0, v0x561062857530_0;  alias, 1 drivers
v0x56106285aaa0_0 .var "tx_start", 0 0;
S_0x56106285c300 .scope module, "temp" "UART_transmitter" 2 10, 10 1 0, S_0x5610627e3820;
 .timescale 0 0;
    .port_info 0 /INPUT 1 "clk"
    .port_info 1 /INPUT 1 "reset"
    .port_info 2 /INPUT 1 "tx_start"
    .port_info 3 /INPUT 8 "din"
    .port_info 4 /OUTPUT 1 "tx_done"
    .port_info 5 /OUTPUT 1 "tx"
v0x56106285dd10_0 .net "clk", 0 0, v0x56106285e440_0;  alias, 1 drivers
v0x56106285ddb0_0 .net "din", 7 0, v0x56106285e5d0_0;  1 drivers
v0x56106285de70_0 .net "reset", 0 0, v0x56106285e820_0;  alias, 1 drivers
v0x56106285df10_0 .net "s_tick", 0 0, v0x56106285dc30_0;  1 drivers
v0x56106285e000_0 .net "tx", 0 0, v0x56106285d230_0;  alias, 1 drivers
v0x56106285e0f0_0 .net "tx_done", 0 0, v0x56106285d2d0_0;  alias, 1 drivers
v0x56106285e190_0 .net "tx_start", 0 0, v0x56106285eaa0_0;  1 drivers
S_0x56106285c540 .scope module, "TX" "UART_tx" 10 12, 11 1 0, S_0x56106285c300;
 .timescale 0 0;
    .port_info 0 /INPUT 1 "clk"
    .port_info 1 /INPUT 1 "reset"
    .port_info 2 /INPUT 1 "tx_start"
    .port_info 3 /INPUT 1 "s_tick"
    .port_info 4 /INPUT 8 "d_in"
    .port_info 5 /OUTPUT 1 "tx_done_flag"
    .port_info 6 /OUTPUT 1 "tx"
v0x56106285c800_0 .var "b_next", 7 0;
v0x56106285c900_0 .var "b_reg", 7 0;
v0x56106285c9e0_0 .net "clk", 0 0, v0x56106285e440_0;  alias, 1 drivers
v0x56106285ca80_0 .net "d_in", 7 0, v0x56106285e5d0_0;  alias, 1 drivers
v0x56106285cb40_0 .var "n_next", 2 0;
v0x56106285cc70_0 .var "n_reg", 2 0;
v0x56106285cd50_0 .net "reset", 0 0, v0x56106285e820_0;  alias, 1 drivers
v0x56106285cdf0_0 .var "s_next", 3 0;
v0x56106285ced0_0 .var "s_reg", 3 0;
v0x56106285cfb0_0 .net "s_tick", 0 0, v0x56106285dc30_0;  alias, 1 drivers
v0x56106285d070_0 .var "state_next", 1 0;
v0x56106285d150_0 .var "state_reg", 1 0;
v0x56106285d230_0 .var "tx", 0 0;
v0x56106285d2d0_0 .var "tx_done_flag", 0 0;
v0x56106285d390_0 .var "tx_next", 0 0;
v0x56106285d450_0 .var "tx_reg", 0 0;
v0x56106285d510_0 .net "tx_start", 0 0, v0x56106285eaa0_0;  alias, 1 drivers
S_0x56106285d800 .scope module, "sampleTicker" "sample_ticker_tx" 10 11, 12 1 0, S_0x56106285c300;
 .timescale 0 0;
    .port_info 0 /INPUT 1 "clk"
    .port_info 1 /INPUT 1 "reset"
    .port_info 2 /OUTPUT 1 "s_tick"
v0x56106285d9f0_0 .net "clk", 0 0, v0x56106285e440_0;  alias, 1 drivers
v0x56106285dab0_0 .var "counter", 7 0;
v0x56106285db90_0 .net "reset", 0 0, v0x56106285e820_0;  alias, 1 drivers
v0x56106285dc30_0 .var "s_tick", 0 0;
    .scope S_0x56106285d800;
T_0 ;
    %wait E_0x5610627f9a50;
    %pushi/vec4 0, 0, 8;
    %assign/vec4 v0x56106285dab0_0, 0;
    %pushi/vec4 0, 0, 1;
    %assign/vec4 v0x56106285dc30_0, 0;
    %jmp T_0;
    .thread T_0;
    .scope S_0x56106285d800;
T_1 ;
    %wait E_0x5610627fa150;
    %load/vec4 v0x56106285dab0_0;
    %addi 1, 0, 8;
    %assign/vec4 v0x56106285dab0_0, 0;
    %load/vec4 v0x56106285dab0_0;
    %pad/u 32;
    %cmpi/e 15, 0, 32;
    %jmp/0xz  T_1.0, 4;
    %load/vec4 v0x56106285dc30_0;
    %nor/r;
    %assign/vec4 v0x56106285dc30_0, 0;
    %pushi/vec4 0, 0, 8;
    %assign/vec4 v0x56106285dab0_0, 0;
T_1.0 ;
    %jmp T_1;
    .thread T_1;
    .scope S_0x56106285c540;
T_2 ;
    %wait E_0x5610627fa8c0;
    %pushi/vec4 0, 0, 2;
    %assign/vec4 v0x56106285d150_0, 0;
    %pushi/vec4 0, 0, 2;
    %assign/vec4 v0x56106285d070_0, 0;
    %pushi/vec4 0, 0, 4;
    %assign/vec4 v0x56106285ced0_0, 0;
    %pushi/vec4 0, 0, 4;
    %assign/vec4 v0x56106285cdf0_0, 0;
    %pushi/vec4 0, 0, 3;
    %assign/vec4 v0x56106285cc70_0, 0;
    %pushi/vec4 0, 0, 3;
    %assign/vec4 v0x56106285cb40_0, 0;
    %pushi/vec4 0, 0, 8;
    %assign/vec4 v0x56106285c900_0, 0;
    %pushi/vec4 0, 0, 8;
    %assign/vec4 v0x56106285c800_0, 0;
    %pushi/vec4 1, 0, 1;
    %assign/vec4 v0x56106285d450_0, 0;
    %pushi/vec4 1, 0, 1;
    %assign/vec4 v0x56106285d390_0, 0;
    %jmp T_2;
    .thread T_2, $push;
    .scope S_0x56106285c540;
T_3 ;
    %wait E_0x5610627fa150;
    %load/vec4 v0x56106285d070_0;
    %assign/vec4 v0x56106285d150_0, 0;
    %load/vec4 v0x56106285cdf0_0;
    %assign/vec4 v0x56106285ced0_0, 0;
    %load/vec4 v0x56106285cb40_0;
    %assign/vec4 v0x56106285cc70_0, 0;
    %load/vec4 v0x56106285c800_0;
    %assign/vec4 v0x56106285c900_0, 0;
    %load/vec4 v0x56106285d390_0;
    %assign/vec4 v0x56106285d450_0, 0;
    %pushi/vec4 0, 0, 1;
    %assign/vec4 v0x56106285d2d0_0, 0;
    %load/vec4 v0x56106285d150_0;
    %pad/u 32;
    %cmpi/e 0, 0, 32;
    %jmp/0xz  T_3.0, 4;
    %pushi/vec4 1, 0, 1;
    %assign/vec4 v0x56106285d390_0, 0;
    %load/vec4 v0x56106285d510_0;
    %pad/u 32;
    %cmpi/e 1, 0, 32;
    %jmp/0xz  T_3.2, 4;
    %pushi/vec4 1, 0, 2;
    %assign/vec4 v0x56106285d070_0, 0;
    %pushi/vec4 0, 0, 4;
    %assign/vec4 v0x56106285cdf0_0, 0;
    %load/vec4 v0x56106285ca80_0;
    %assign/vec4 v0x56106285c800_0, 0;
T_3.2 ;
T_3.0 ;
    %load/vec4 v0x56106285d150_0;
    %pad/u 32;
    %cmpi/e 1, 0, 32;
    %jmp/0xz  T_3.4, 4;
    %pushi/vec4 0, 0, 1;
    %assign/vec4 v0x56106285d390_0, 0;
    %load/vec4 v0x56106285cfb0_0;
    %pad/u 32;
    %cmpi/e 1, 0, 32;
    %jmp/0xz  T_3.6, 4;
    %load/vec4 v0x56106285ced0_0;
    %pad/u 32;
    %cmpi/e 15, 0, 32;
    %jmp/0xz  T_3.8, 4;
    %pushi/vec4 2, 0, 2;
    %assign/vec4 v0x56106285d070_0, 0;
    %pushi/vec4 0, 0, 4;
    %assign/vec4 v0x56106285cdf0_0, 0;
    %pushi/vec4 0, 0, 3;
    %assign/vec4 v0x56106285cb40_0, 0;
    %jmp T_3.9;
T_3.8 ;
    %load/vec4 v0x56106285ced0_0;
    %addi 1, 0, 4;
    %assign/vec4 v0x56106285cdf0_0, 0;
T_3.9 ;
T_3.6 ;
T_3.4 ;
    %load/vec4 v0x56106285d150_0;
    %pad/u 32;
    %cmpi/e 2, 0, 32;
    %jmp/0xz  T_3.10, 4;
    %load/vec4 v0x56106285c900_0;
    %parti/s 1, 7, 4;
    %assign/vec4 v0x56106285d390_0, 0;
    %load/vec4 v0x56106285cfb0_0;
    %pad/u 32;
    %cmpi/e 1, 0, 32;
    %jmp/0xz  T_3.12, 4;
    %load/vec4 v0x56106285ced0_0;
    %pad/u 32;
    %cmpi/e 15, 0, 32;
    %jmp/0xz  T_3.14, 4;
    %pushi/vec4 0, 0, 4;
    %assign/vec4 v0x56106285cdf0_0, 0;
    %load/vec4 v0x56106285c900_0;
    %ix/load 4, 1, 0;
    %flag_set/imm 4, 0;
    %shiftl 4;
    %assign/vec4 v0x56106285c800_0, 0;
    %load/vec4 v0x56106285cc70_0;
    %pad/u 32;
    %cmpi/e 7, 0, 32;
    %jmp/0xz  T_3.16, 4;
    %pushi/vec4 3, 0, 2;
    %assign/vec4 v0x56106285d070_0, 0;
    %jmp T_3.17;
T_3.16 ;
    %load/vec4 v0x56106285cc70_0;
    %addi 1, 0, 3;
    %assign/vec4 v0x56106285cb40_0, 0;
T_3.17 ;
    %jmp T_3.15;
T_3.14 ;
    %load/vec4 v0x56106285ced0_0;
    %addi 1, 0, 4;
    %assign/vec4 v0x56106285cdf0_0, 0;
T_3.15 ;
T_3.12 ;
T_3.10 ;
    %load/vec4 v0x56106285d150_0;
    %pad/u 32;
    %cmpi/e 3, 0, 32;
    %jmp/0xz  T_3.18, 4;
    %pushi/vec4 1, 0, 1;
    %assign/vec4 v0x56106285d390_0, 0;
    %load/vec4 v0x56106285cfb0_0;
    %pad/u 32;
    %cmpi/e 1, 0, 32;
    %jmp/0xz  T_3.20, 4;
    %load/vec4 v0x56106285ced0_0;
    %pad/u 32;
    %cmpi/e 15, 0, 32;
    %jmp/0xz  T_3.22, 4;
    %pushi/vec4 0, 0, 2;
    %assign/vec4 v0x56106285d070_0, 0;
    %pushi/vec4 1, 0, 1;
    %assign/vec4 v0x56106285d2d0_0, 0;
    %jmp T_3.23;
T_3.22 ;
    %load/vec4 v0x56106285ced0_0;
    %addi 1, 0, 4;
    %assign/vec4 v0x56106285cdf0_0, 0;
T_3.23 ;
T_3.20 ;
T_3.18 ;
    %load/vec4 v0x56106285d450_0;
    %assign/vec4 v0x56106285d230_0, 0;
    %jmp T_3;
    .thread T_3;
    .scope S_0x561062853580;
T_4 ;
    %wait E_0x5610627f9a50;
    %pushi/vec4 0, 0, 8;
    %assign/vec4 v0x5610628538c0_0, 0;
    %pushi/vec4 0, 0, 1;
    %assign/vec4 v0x561062853a90_0, 0;
    %jmp T_4;
    .thread T_4;
    .scope S_0x561062853580;
T_5 ;
    %wait E_0x5610627fa150;
    %load/vec4 v0x5610628538c0_0;
    %addi 1, 0, 8;
    %assign/vec4 v0x5610628538c0_0, 0;
    %load/vec4 v0x5610628538c0_0;
    %pad/u 32;
    %cmpi/e 1, 0, 32;
    %jmp/0xz  T_5.0, 4;
    %load/vec4 v0x561062853a90_0;
    %nor/r;
    %assign/vec4 v0x561062853a90_0, 0;
    %pushi/vec4 0, 0, 8;
    %assign/vec4 v0x5610628538c0_0, 0;
T_5.0 ;
    %jmp T_5;
    .thread T_5;
    .scope S_0x5610628526e0;
T_6 ;
    %wait E_0x5610627fa8c0;
    %pushi/vec4 0, 0, 2;
    %assign/vec4 v0x5610628533e0_0, 0;
    %pushi/vec4 0, 0, 2;
    %assign/vec4 v0x561062853300_0, 0;
    %pushi/vec4 0, 0, 4;
    %assign/vec4 v0x561062853160_0, 0;
    %pushi/vec4 0, 0, 4;
    %assign/vec4 v0x561062853080_0, 0;
    %pushi/vec4 0, 0, 3;
    %assign/vec4 v0x561062852da0_0, 0;
    %pushi/vec4 0, 0, 3;
    %assign/vec4 v0x561062852c70_0, 0;
    %pushi/vec4 0, 0, 8;
    %assign/vec4 v0x561062852a50_0, 0;
    %pushi/vec4 0, 0, 8;
    %assign/vec4 v0x561062852950_0, 0;
    %jmp T_6;
    .thread T_6, $push;
    .scope S_0x5610628526e0;
T_7 ;
    %wait E_0x5610627fa150;
    %load/vec4 v0x561062853300_0;
    %assign/vec4 v0x5610628533e0_0, 0;
    %load/vec4 v0x561062853080_0;
    %assign/vec4 v0x561062853160_0, 0;
    %load/vec4 v0x561062852c70_0;
    %assign/vec4 v0x561062852da0_0, 0;
    %load/vec4 v0x561062852950_0;
    %assign/vec4 v0x561062852a50_0, 0;
    %pushi/vec4 0, 0, 1;
    %assign/vec4 v0x561062852fc0_0, 0;
    %load/vec4 v0x5610628533e0_0;
    %pad/u 32;
    %cmpi/e 0, 0, 32;
    %jmp/0xz  T_7.0, 4;
    %load/vec4 v0x561062852f20_0;
    %nor/r;
    %flag_set/vec4 8;
    %jmp/0xz  T_7.2, 8;
    %pushi/vec4 1, 0, 2;
    %assign/vec4 v0x561062853300_0, 0;
    %pushi/vec4 0, 0, 4;
    %assign/vec4 v0x561062853080_0, 0;
T_7.2 ;
T_7.0 ;
    %load/vec4 v0x5610628533e0_0;
    %pad/u 32;
    %cmpi/e 1, 0, 32;
    %jmp/0xz  T_7.4, 4;
    %load/vec4 v0x561062853240_0;
    %flag_set/vec4 8;
    %jmp/0xz  T_7.6, 8;
    %load/vec4 v0x561062853160_0;
    %pad/u 32;
    %cmpi/e 7, 0, 32;
    %jmp/0xz  T_7.8, 4;
    %pushi/vec4 2, 0, 2;
    %assign/vec4 v0x561062853300_0, 0;
    %pushi/vec4 0, 0, 4;
    %assign/vec4 v0x561062853080_0, 0;
    %pushi/vec4 0, 0, 3;
    %assign/vec4 v0x561062852c70_0, 0;
    %jmp T_7.9;
T_7.8 ;
    %load/vec4 v0x561062853160_0;
    %addi 1, 0, 4;
    %assign/vec4 v0x561062853080_0, 0;
T_7.9 ;
T_7.6 ;
T_7.4 ;
    %load/vec4 v0x5610628533e0_0;
    %pad/u 32;
    %cmpi/e 2, 0, 32;
    %jmp/0xz  T_7.10, 4;
    %load/vec4 v0x561062853240_0;
    %flag_set/vec4 8;
    %jmp/0xz  T_7.12, 8;
    %load/vec4 v0x561062853160_0;
    %pad/u 32;
    %cmpi/e 15, 0, 32;
    %jmp/0xz  T_7.14, 4;
    %load/vec4 v0x561062852f20_0;
    %pad/u 8;
    %load/vec4 v0x561062852a50_0;
    %ix/load 4, 1, 0;
    %flag_set/imm 4, 0;
    %shiftl 4;
    %or;
    %assign/vec4 v0x561062852950_0, 0;
    %pushi/vec4 0, 0, 4;
    %assign/vec4 v0x561062853080_0, 0;
    %load/vec4 v0x561062852da0_0;
    %pad/u 32;
    %cmpi/e 7, 0, 32;
    %jmp/0xz  T_7.16, 4;
    %pushi/vec4 3, 0, 2;
    %assign/vec4 v0x561062853300_0, 0;
    %jmp T_7.17;
T_7.16 ;
    %load/vec4 v0x561062852da0_0;
    %addi 1, 0, 3;
    %assign/vec4 v0x561062852c70_0, 0;
T_7.17 ;
    %jmp T_7.15;
T_7.14 ;
    %load/vec4 v0x561062853160_0;
    %addi 1, 0, 4;
    %assign/vec4 v0x561062853080_0, 0;
T_7.15 ;
T_7.12 ;
T_7.10 ;
    %load/vec4 v0x5610628533e0_0;
    %pad/u 32;
    %cmpi/e 3, 0, 32;
    %jmp/0xz  T_7.18, 4;
    %load/vec4 v0x561062853240_0;
    %flag_set/vec4 8;
    %jmp/0xz  T_7.20, 8;
    %load/vec4 v0x561062853160_0;
    %pad/u 32;
    %cmpi/e 15, 0, 32;
    %jmp/0xz  T_7.22, 4;
    %pushi/vec4 0, 0, 2;
    %assign/vec4 v0x561062853300_0, 0;
    %pushi/vec4 1, 0, 1;
    %assign/vec4 v0x561062852fc0_0, 0;
    %jmp T_7.23;
T_7.22 ;
    %load/vec4 v0x561062853160_0;
    %addi 1, 0, 4;
    %assign/vec4 v0x561062853080_0, 0;
T_7.23 ;
T_7.20 ;
T_7.18 ;
    %load/vec4 v0x561062852a50_0;
    %assign/vec4 v0x561062852bd0_0, 0;
    %jmp T_7;
    .thread T_7;
    .scope S_0x561062855730;
T_8 ;
    %wait E_0x5610627fa8c0;
    %pushi/vec4 0, 0, 2;
    %assign/vec4 v0x561062856190_0, 0;
    %pushi/vec4 0, 0, 2;
    %assign/vec4 v0x561062856230_0, 0;
    %pushi/vec4 0, 0, 128;
    %assign/vec4 v0x561062855be0_0, 0;
    %pushi/vec4 0, 0, 128;
    %assign/vec4 v0x561062855cc0_0, 0;
    %pushi/vec4 0, 0, 4;
    %assign/vec4 v0x561062855a10_0, 0;
    %pushi/vec4 0, 0, 4;
    %assign/vec4 v0x561062855af0_0, 0;
    %pushi/vec4 0, 0, 128;
    %assign/vec4 v0x561062855e60_0, 0;
    %pushi/vec4 0, 0, 1;
    %assign/vec4 v0x5610628560f0_0, 0;
    %jmp T_8;
    .thread T_8, $push;
    .scope S_0x561062855730;
T_9 ;
    %wait E_0x5610627fa150;
    %load/vec4 v0x561062856230_0;
    %assign/vec4 v0x561062856190_0, 0;
    %load/vec4 v0x561062855cc0_0;
    %assign/vec4 v0x561062855be0_0, 0;
    %load/vec4 v0x561062855af0_0;
    %assign/vec4 v0x561062855a10_0, 0;
    %pushi/vec4 0, 0, 1;
    %assign/vec4 v0x5610628560f0_0, 0;
    %load/vec4 v0x561062856190_0;
    %pad/u 32;
    %cmpi/e 0, 0, 32;
    %jmp/0xz  T_9.0, 4;
    %load/vec4 v0x561062855fc0_0;
    %flag_set/vec4 8;
    %jmp/0xz  T_9.2, 8;
    %pushi/vec4 1, 0, 2;
    %assign/vec4 v0x561062856230_0, 0;
    %pushi/vec4 0, 0, 4;
    %assign/vec4 v0x561062855af0_0, 0;
    %load/vec4 v0x561062855da0_0;
    %pad/u 128;
    %assign/vec4 v0x561062855cc0_0, 0;
T_9.2 ;
T_9.0 ;
    %load/vec4 v0x561062856190_0;
    %pad/u 32;
    %cmpi/e 1, 0, 32;
    %jmp/0xz  T_9.4, 4;
    %load/vec4 v0x561062855a10_0;
    %pad/u 32;
    %cmpi/e 15, 0, 32;
    %jmp/0xz  T_9.6, 4;
    %pushi/vec4 2, 0, 2;
    %assign/vec4 v0x561062856230_0, 0;
    %jmp T_9.7;
T_9.6 ;
    %load/vec4 v0x561062855fc0_0;
    %flag_set/vec4 8;
    %jmp/0xz  T_9.8, 8;
    %load/vec4 v0x561062855be0_0;
    %ix/load 4, 8, 0;
    %flag_set/imm 4, 0;
    %shiftl 4;
    %load/vec4 v0x561062855da0_0;
    %pad/u 128;
    %or;
    %assign/vec4 v0x561062855cc0_0, 0;
    %load/vec4 v0x561062855a10_0;
    %addi 1, 0, 4;
    %assign/vec4 v0x561062855af0_0, 0;
T_9.8 ;
T_9.7 ;
T_9.4 ;
    %load/vec4 v0x561062856190_0;
    %pad/u 32;
    %cmpi/e 2, 0, 32;
    %jmp/0xz  T_9.10, 4;
    %pushi/vec4 1, 0, 1;
    %assign/vec4 v0x5610628560f0_0, 0;
    %pushi/vec4 0, 0, 2;
    %assign/vec4 v0x561062856230_0, 0;
T_9.10 ;
    %load/vec4 v0x561062855be0_0;
    %assign/vec4 v0x561062855e60_0, 0;
    %jmp T_9;
    .thread T_9;
    .scope S_0x561062854040;
T_10 ;
    %wait E_0x5610627fa8c0;
    %pushi/vec4 0, 0, 2;
    %assign/vec4 v0x5610628553b0_0, 0;
    %pushi/vec4 0, 0, 2;
    %assign/vec4 v0x561062855490_0, 0;
    %pushi/vec4 0, 0, 3;
    %assign/vec4 v0x561062854e60_0, 0;
    %pushi/vec4 0, 0, 3;
    %assign/vec4 v0x561062854f00_0, 0;
    %pushi/vec4 0, 0, 3;
    %assign/vec4 v0x561062855170_0, 0;
    %pushi/vec4 0, 0, 3;
    %assign/vec4 v0x561062855230_0, 0;
    %pushi/vec4 0, 0, 1;
    %ix/load 3, 0, 0;
    %flag_set/imm 4, 0;
    %ix/load 4, 0, 0; Constant delay
    %assign/vec4/a/d v0x561062854dc0, 0, 4;
    %pushi/vec4 0, 0, 1;
    %ix/load 3, 1, 0;
    %flag_set/imm 4, 0;
    %ix/load 4, 0, 0; Constant delay
    %assign/vec4/a/d v0x561062854dc0, 0, 4;
    %pushi/vec4 0, 0, 1;
    %ix/load 3, 2, 0;
    %flag_set/imm 4, 0;
    %ix/load 4, 0, 0; Constant delay
    %assign/vec4/a/d v0x561062854dc0, 0, 4;
    %pushi/vec4 0, 0, 1;
    %ix/load 3, 3, 0;
    %flag_set/imm 4, 0;
    %ix/load 4, 0, 0; Constant delay
    %assign/vec4/a/d v0x561062854dc0, 0, 4;
    %pushi/vec4 0, 0, 1;
    %ix/load 3, 4, 0;
    %flag_set/imm 4, 0;
    %ix/load 4, 0, 0; Constant delay
    %assign/vec4/a/d v0x561062854dc0, 0, 4;
    %pushi/vec4 0, 0, 1;
    %ix/load 3, 5, 0;
    %flag_set/imm 4, 0;
    %ix/load 4, 0, 0; Constant delay
    %assign/vec4/a/d v0x561062854dc0, 0, 4;
    %pushi/vec4 0, 0, 1;
    %ix/load 3, 6, 0;
    %flag_set/imm 4, 0;
    %ix/load 4, 0, 0; Constant delay
    %assign/vec4/a/d v0x561062854dc0, 0, 4;
    %pushi/vec4 0, 0, 128;
    %ix/load 3, 0, 0;
    %flag_set/imm 4, 0;
    %ix/load 4, 0, 0; Constant delay
    %assign/vec4/a/d v0x5610628548d0, 0, 4;
    %pushi/vec4 0, 0, 128;
    %ix/load 3, 1, 0;
    %flag_set/imm 4, 0;
    %ix/load 4, 0, 0; Constant delay
    %assign/vec4/a/d v0x5610628548d0, 0, 4;
    %pushi/vec4 0, 0, 128;
    %ix/load 3, 2, 0;
    %flag_set/imm 4, 0;
    %ix/load 4, 0, 0; Constant delay
    %assign/vec4/a/d v0x5610628548d0, 0, 4;
    %pushi/vec4 0, 0, 128;
    %ix/load 3, 3, 0;
    %flag_set/imm 4, 0;
    %ix/load 4, 0, 0; Constant delay
    %assign/vec4/a/d v0x5610628548d0, 0, 4;
    %pushi/vec4 0, 0, 128;
    %ix/load 3, 4, 0;
    %flag_set/imm 4, 0;
    %ix/load 4, 0, 0; Constant delay
    %assign/vec4/a/d v0x5610628548d0, 0, 4;
    %pushi/vec4 0, 0, 128;
    %ix/load 3, 5, 0;
    %flag_set/imm 4, 0;
    %ix/load 4, 0, 0; Constant delay
    %assign/vec4/a/d v0x5610628548d0, 0, 4;
    %pushi/vec4 0, 0, 128;
    %ix/load 3, 6, 0;
    %flag_set/imm 4, 0;
    %ix/load 4, 0, 0; Constant delay
    %assign/vec4/a/d v0x5610628548d0, 0, 4;
    %jmp T_10;
    .thread T_10, $push;
    .scope S_0x561062854040;
T_11 ;
    %wait E_0x5610627fa150;
    %load/vec4 v0x561062855490_0;
    %assign/vec4 v0x5610628553b0_0, 0;
    %load/vec4 v0x561062854f00_0;
    %assign/vec4 v0x561062854e60_0, 0;
    %load/vec4 v0x561062855230_0;
    %assign/vec4 v0x561062855170_0, 0;
    %load/vec4 v0x5610628553b0_0;
    %pad/u 32;
    %cmpi/e 0, 0, 32;
    %jmp/0xz  T_11.0, 4;
    %load/vec4 v0x561062855570_0;
    %flag_set/vec4 8;
    %jmp/0xz  T_11.2, 8;
    %pushi/vec4 1, 0, 2;
    %assign/vec4 v0x561062855490_0, 0;
    %jmp T_11.3;
T_11.2 ;
    %load/vec4 v0x5610628550a0_0;
    %flag_set/vec4 8;
    %jmp/0xz  T_11.4, 8;
    %pushi/vec4 3, 0, 2;
    %assign/vec4 v0x561062855490_0, 0;
T_11.4 ;
T_11.3 ;
T_11.0 ;
    %load/vec4 v0x5610628553b0_0;
    %pad/u 32;
    %cmpi/e 1, 0, 32;
    %jmp/0xz  T_11.6, 4;
    %load/vec4 v0x561062854ac0_0;
    %load/vec4 v0x561062854e60_0;
    %pad/u 5;
    %ix/vec4 3;
    %ix/load 4, 0, 0; Constant delay
    %assign/vec4/a/d v0x5610628548d0, 0, 4;
    %pushi/vec4 2, 0, 2;
    %assign/vec4 v0x561062855490_0, 0;
T_11.6 ;
    %load/vec4 v0x5610628553b0_0;
    %pad/u 32;
    %cmpi/e 2, 0, 32;
    %jmp/0xz  T_11.8, 4;
    %pushi/vec4 1, 0, 1;
    %load/vec4 v0x561062854e60_0;
    %pad/u 5;
    %ix/vec4 3;
    %ix/load 4, 0, 0; Constant delay
    %assign/vec4/a/d v0x561062854dc0, 0, 4;
    %load/vec4 v0x561062854e60_0;
    %addi 1, 0, 3;
    %assign/vec4 v0x561062854f00_0, 0;
    %pushi/vec4 0, 0, 2;
    %assign/vec4 v0x561062855490_0, 0;
T_11.8 ;
    %load/vec4 v0x5610628553b0_0;
    %pad/u 32;
    %cmpi/e 3, 0, 32;
    %jmp/0xz  T_11.10, 4;
    %load/vec4 v0x561062855170_0;
    %pad/u 5;
    %ix/vec4 4;
    %load/vec4a v0x561062854dc0, 4;
    %flag_set/vec4 8;
    %jmp/0xz  T_11.12, 8;
    %pushi/vec4 0, 0, 1;
    %load/vec4 v0x561062855170_0;
    %pad/u 5;
    %ix/vec4 3;
    %ix/load 4, 0, 0; Constant delay
    %assign/vec4/a/d v0x561062854dc0, 0, 4;
    %load/vec4 v0x561062855170_0;
    %addi 1, 0, 3;
    %assign/vec4 v0x561062855230_0, 0;
    %pushi/vec4 0, 0, 2;
    %assign/vec4 v0x561062855490_0, 0;
T_11.12 ;
T_11.10 ;
    %load/vec4 v0x561062855170_0;
    %pad/u 5;
    %ix/vec4 4;
    %load/vec4a v0x5610628548d0, 4;
    %assign/vec4 v0x561062854c30_0, 0;
    %jmp T_11;
    .thread T_11;
    .scope S_0x5610627cd8b0;
T_12 ;
    %wait E_0x5610627fa8c0;
    %pushi/vec4 0, 0, 1;
    %assign/vec4 v0x561062851ed0_0, 0;
    %pushi/vec4 0, 0, 1;
    %assign/vec4 v0x561062852210_0, 0;
    %pushi/vec4 0, 0, 128;
    %assign/vec4 v0x56106281e6b0_0, 0;
    %pushi/vec4 0, 0, 1;
    %assign/vec4 v0x5610628170d0_0, 0;
    %pushi/vec4 0, 0, 128;
    %assign/vec4 v0x561062813fc0_0, 0;
    %pushi/vec4 0, 0, 2;
    %assign/vec4 v0x561062851f90_0, 0;
    %pushi/vec4 0, 0, 2;
    %assign/vec4 v0x561062852070_0, 0;
    %jmp T_12;
    .thread T_12, $push;
    .scope S_0x5610627cd8b0;
T_13 ;
    %wait E_0x5610627fa150;
    %load/vec4 v0x561062852070_0;
    %assign/vec4 v0x561062851f90_0, 0;
    %pushi/vec4 0, 0, 1;
    %assign/vec4 v0x5610628170d0_0, 0;
    %pushi/vec4 0, 0, 1;
    %assign/vec4 v0x561062852210_0, 0;
    %pushi/vec4 0, 0, 1;
    %assign/vec4 v0x561062851ed0_0, 0;
    %load/vec4 v0x561062851f90_0;
    %pad/u 32;
    %cmpi/e 0, 0, 32;
    %jmp/0xz  T_13.0, 4;
    %load/vec4 v0x561062851e10_0;
    %nor/r;
    %flag_set/vec4 8;
    %jmp/0xz  T_13.2, 8;
    %load/vec4 v0x561062810ba0_0;
    %assign/vec4 v0x561062813fc0_0, 0;
    %pushi/vec4 1, 0, 1;
    %assign/vec4 v0x561062851ed0_0, 0;
    %pushi/vec4 1, 0, 2;
    %assign/vec4 v0x561062852070_0, 0;
T_13.2 ;
T_13.0 ;
    %load/vec4 v0x561062851f90_0;
    %pad/u 32;
    %cmpi/e 1, 0, 32;
    %jmp/0xz  T_13.4, 4;
    %load/vec4 v0x5610628151e0_0;
    %flag_set/vec4 8;
    %jmp/0xz  T_13.6, 8;
    %pushi/vec4 1, 0, 1;
    %assign/vec4 v0x5610628170d0_0, 0;
    %pushi/vec4 2, 0, 2;
    %assign/vec4 v0x561062852070_0, 0;
T_13.6 ;
T_13.4 ;
    %load/vec4 v0x561062851f90_0;
    %pad/u 32;
    %cmpi/e 2, 0, 32;
    %jmp/0xz  T_13.8, 4;
    %load/vec4 v0x5610628151e0_0;
    %flag_set/vec4 8;
    %jmp/0xz  T_13.10, 8;
    %load/vec4 v0x56106280ff40_0;
    %assign/vec4 v0x56106281e6b0_0, 0;
    %pushi/vec4 3, 0, 2;
    %assign/vec4 v0x561062852070_0, 0;
T_13.10 ;
T_13.8 ;
    %load/vec4 v0x561062851f90_0;
    %pad/u 32;
    %cmpi/e 3, 0, 32;
    %jmp/0xz  T_13.12, 4;
    %load/vec4 v0x561062852150_0;
    %nor/r;
    %flag_set/vec4 8;
    %jmp/0xz  T_13.14, 8;
    %pushi/vec4 1, 0, 1;
    %assign/vec4 v0x561062852210_0, 0;
    %pushi/vec4 0, 0, 2;
    %assign/vec4 v0x561062852070_0, 0;
T_13.14 ;
T_13.12 ;
    %jmp T_13;
    .thread T_13;
    .scope S_0x561062858650;
T_14 ;
    %wait E_0x5610627fa8c0;
    %pushi/vec4 0, 0, 2;
    %assign/vec4 v0x5610628599e0_0, 0;
    %pushi/vec4 0, 0, 2;
    %assign/vec4 v0x561062859ac0_0, 0;
    %pushi/vec4 0, 0, 3;
    %assign/vec4 v0x561062859340_0, 0;
    %pushi/vec4 0, 0, 3;
    %assign/vec4 v0x561062859420_0, 0;
    %pushi/vec4 0, 0, 3;
    %assign/vec4 v0x561062859670_0, 0;
    %pushi/vec4 0, 0, 3;
    %assign/vec4 v0x561062859860_0, 0;
    %pushi/vec4 0, 0, 1;
    %ix/load 3, 0, 0;
    %flag_set/imm 4, 0;
    %ix/load 4, 0, 0; Constant delay
    %assign/vec4/a/d v0x5610628592a0, 0, 4;
    %pushi/vec4 0, 0, 1;
    %ix/load 3, 1, 0;
    %flag_set/imm 4, 0;
    %ix/load 4, 0, 0; Constant delay
    %assign/vec4/a/d v0x5610628592a0, 0, 4;
    %pushi/vec4 0, 0, 1;
    %ix/load 3, 2, 0;
    %flag_set/imm 4, 0;
    %ix/load 4, 0, 0; Constant delay
    %assign/vec4/a/d v0x5610628592a0, 0, 4;
    %pushi/vec4 0, 0, 1;
    %ix/load 3, 3, 0;
    %flag_set/imm 4, 0;
    %ix/load 4, 0, 0; Constant delay
    %assign/vec4/a/d v0x5610628592a0, 0, 4;
    %pushi/vec4 0, 0, 1;
    %ix/load 3, 4, 0;
    %flag_set/imm 4, 0;
    %ix/load 4, 0, 0; Constant delay
    %assign/vec4/a/d v0x5610628592a0, 0, 4;
    %pushi/vec4 0, 0, 1;
    %ix/load 3, 5, 0;
    %flag_set/imm 4, 0;
    %ix/load 4, 0, 0; Constant delay
    %assign/vec4/a/d v0x5610628592a0, 0, 4;
    %pushi/vec4 0, 0, 1;
    %ix/load 3, 6, 0;
    %flag_set/imm 4, 0;
    %ix/load 4, 0, 0; Constant delay
    %assign/vec4/a/d v0x5610628592a0, 0, 4;
    %pushi/vec4 0, 0, 128;
    %ix/load 3, 0, 0;
    %flag_set/imm 4, 0;
    %ix/load 4, 0, 0; Constant delay
    %assign/vec4/a/d v0x561062858f00, 0, 4;
    %pushi/vec4 0, 0, 128;
    %ix/load 3, 1, 0;
    %flag_set/imm 4, 0;
    %ix/load 4, 0, 0; Constant delay
    %assign/vec4/a/d v0x561062858f00, 0, 4;
    %pushi/vec4 0, 0, 128;
    %ix/load 3, 2, 0;
    %flag_set/imm 4, 0;
    %ix/load 4, 0, 0; Constant delay
    %assign/vec4/a/d v0x561062858f00, 0, 4;
    %pushi/vec4 0, 0, 128;
    %ix/load 3, 3, 0;
    %flag_set/imm 4, 0;
    %ix/load 4, 0, 0; Constant delay
    %assign/vec4/a/d v0x561062858f00, 0, 4;
    %pushi/vec4 0, 0, 128;
    %ix/load 3, 4, 0;
    %flag_set/imm 4, 0;
    %ix/load 4, 0, 0; Constant delay
    %assign/vec4/a/d v0x561062858f00, 0, 4;
    %pushi/vec4 0, 0, 128;
    %ix/load 3, 5, 0;
    %flag_set/imm 4, 0;
    %ix/load 4, 0, 0; Constant delay
    %assign/vec4/a/d v0x561062858f00, 0, 4;
    %pushi/vec4 0, 0, 128;
    %ix/load 3, 6, 0;
    %flag_set/imm 4, 0;
    %ix/load 4, 0, 0; Constant delay
    %assign/vec4/a/d v0x561062858f00, 0, 4;
    %jmp T_14;
    .thread T_14, $push;
    .scope S_0x561062858650;
T_15 ;
    %wait E_0x5610627fa150;
    %load/vec4 v0x561062859ac0_0;
    %assign/vec4 v0x5610628599e0_0, 0;
    %load/vec4 v0x561062859420_0;
    %assign/vec4 v0x561062859340_0, 0;
    %load/vec4 v0x561062859860_0;
    %assign/vec4 v0x561062859670_0, 0;
    %load/vec4 v0x5610628599e0_0;
    %pad/u 32;
    %cmpi/e 0, 0, 32;
    %jmp/0xz  T_15.0, 4;
    %load/vec4 v0x561062859ba0_0;
    %flag_set/vec4 8;
    %jmp/0xz  T_15.2, 8;
    %pushi/vec4 1, 0, 2;
    %assign/vec4 v0x561062859ac0_0, 0;
    %jmp T_15.3;
T_15.2 ;
    %load/vec4 v0x5610628595d0_0;
    %flag_set/vec4 8;
    %jmp/0xz  T_15.4, 8;
    %pushi/vec4 3, 0, 2;
    %assign/vec4 v0x561062859ac0_0, 0;
T_15.4 ;
T_15.3 ;
T_15.0 ;
    %load/vec4 v0x5610628599e0_0;
    %pad/u 32;
    %cmpi/e 1, 0, 32;
    %jmp/0xz  T_15.6, 4;
    %load/vec4 v0x561062859060_0;
    %load/vec4 v0x561062859340_0;
    %pad/u 5;
    %ix/vec4 3;
    %ix/load 4, 0, 0; Constant delay
    %assign/vec4/a/d v0x561062858f00, 0, 4;
    %pushi/vec4 2, 0, 2;
    %assign/vec4 v0x561062859ac0_0, 0;
T_15.6 ;
    %load/vec4 v0x5610628599e0_0;
    %pad/u 32;
    %cmpi/e 2, 0, 32;
    %jmp/0xz  T_15.8, 4;
    %pushi/vec4 1, 0, 1;
    %load/vec4 v0x561062859340_0;
    %pad/u 5;
    %ix/vec4 3;
    %ix/load 4, 0, 0; Constant delay
    %assign/vec4/a/d v0x5610628592a0, 0, 4;
    %load/vec4 v0x561062859340_0;
    %addi 1, 0, 3;
    %assign/vec4 v0x561062859420_0, 0;
    %pushi/vec4 0, 0, 2;
    %assign/vec4 v0x561062859ac0_0, 0;
T_15.8 ;
    %load/vec4 v0x5610628599e0_0;
    %pad/u 32;
    %cmpi/e 3, 0, 32;
    %jmp/0xz  T_15.10, 4;
    %load/vec4 v0x561062859670_0;
    %pad/u 5;
    %ix/vec4 4;
    %load/vec4a v0x5610628592a0, 4;
    %flag_set/vec4 8;
    %jmp/0xz  T_15.12, 8;
    %pushi/vec4 0, 0, 1;
    %load/vec4 v0x561062859670_0;
    %pad/u 5;
    %ix/vec4 3;
    %ix/load 4, 0, 0; Constant delay
    %assign/vec4/a/d v0x5610628592a0, 0, 4;
    %load/vec4 v0x561062859670_0;
    %addi 1, 0, 3;
    %assign/vec4 v0x561062859860_0, 0;
    %pushi/vec4 0, 0, 2;
    %assign/vec4 v0x561062859ac0_0, 0;
T_15.12 ;
T_15.10 ;
    %load/vec4 v0x561062859670_0;
    %pad/u 5;
    %ix/vec4 4;
    %load/vec4a v0x561062858f00, 4;
    %assign/vec4 v0x561062859120_0, 0;
    %jmp T_15;
    .thread T_15;
    .scope S_0x561062859d50;
T_16 ;
    %wait E_0x5610627fa8c0;
    %pushi/vec4 0, 0, 2;
    %assign/vec4 v0x56106285a7f0_0, 0;
    %pushi/vec4 0, 0, 2;
    %assign/vec4 v0x56106285a8d0_0, 0;
    %pushi/vec4 0, 0, 128;
    %assign/vec4 v0x56106285a430_0, 0;
    %pushi/vec4 0, 0, 128;
    %assign/vec4 v0x56106285a510_0, 0;
    %pushi/vec4 0, 0, 4;
    %assign/vec4 v0x56106285a280_0, 0;
    %pushi/vec4 0, 0, 4;
    %assign/vec4 v0x56106285a320_0, 0;
    %pushi/vec4 0, 0, 8;
    %assign/vec4 v0x56106285a6b0_0, 0;
    %pushi/vec4 0, 0, 1;
    %assign/vec4 v0x56106285aaa0_0, 0;
    %pushi/vec4 0, 0, 1;
    %assign/vec4 v0x56106285a0e0_0, 0;
    %jmp T_16;
    .thread T_16, $push;
    .scope S_0x561062859d50;
T_17 ;
    %wait E_0x5610627fa150;
    %load/vec4 v0x56106285a8d0_0;
    %assign/vec4 v0x56106285a7f0_0, 0;
    %load/vec4 v0x56106285a510_0;
    %assign/vec4 v0x56106285a430_0, 0;
    %load/vec4 v0x56106285a320_0;
    %assign/vec4 v0x56106285a280_0, 0;
    %pushi/vec4 0, 0, 1;
    %assign/vec4 v0x56106285aaa0_0, 0;
    %pushi/vec4 0, 0, 1;
    %assign/vec4 v0x56106285a0e0_0, 0;
    %load/vec4 v0x56106285a7f0_0;
    %pad/u 32;
    %cmpi/e 0, 0, 32;
    %jmp/0xz  T_17.0, 4;
    %load/vec4 v0x561062859ff0_0;
    %nor/r;
    %flag_set/vec4 8;
    %jmp/0xz  T_17.2, 8;
    %pushi/vec4 1, 0, 1;
    %assign/vec4 v0x56106285a0e0_0, 0;
    %pushi/vec4 1, 0, 2;
    %assign/vec4 v0x56106285a8d0_0, 0;
T_17.2 ;
T_17.0 ;
    %load/vec4 v0x56106285a7f0_0;
    %pad/u 32;
    %cmpi/e 1, 0, 32;
    %jmp/0xz  T_17.4, 4;
    %load/vec4 v0x56106285a5f0_0;
    %assign/vec4 v0x56106285a510_0, 0;
    %pushi/vec4 2, 0, 2;
    %assign/vec4 v0x56106285a8d0_0, 0;
T_17.4 ;
    %load/vec4 v0x56106285a7f0_0;
    %pad/u 32;
    %cmpi/e 2, 0, 32;
    %jmp/0xz  T_17.6, 4;
    %pushi/vec4 1, 0, 1;
    %assign/vec4 v0x56106285aaa0_0, 0;
    %load/vec4 v0x56106285a430_0;
    %ix/load 4, 8, 0;
    %flag_set/imm 4, 0;
    %shiftl 4;
    %assign/vec4 v0x56106285a510_0, 0;
    %pushi/vec4 0, 0, 4;
    %assign/vec4 v0x56106285a320_0, 0;
    %pushi/vec4 3, 0, 2;
    %assign/vec4 v0x56106285a8d0_0, 0;
T_17.6 ;
    %load/vec4 v0x56106285a7f0_0;
    %pad/u 32;
    %cmpi/e 3, 0, 32;
    %jmp/0xz  T_17.8, 4;
    %load/vec4 v0x56106285a280_0;
    %pad/u 32;
    %cmpi/e 15, 0, 32;
    %jmp/0xz  T_17.10, 4;
    %pushi/vec4 0, 0, 2;
    %assign/vec4 v0x56106285a8d0_0, 0;
    %jmp T_17.11;
T_17.10 ;
    %load/vec4 v0x56106285a9b0_0;
    %flag_set/vec4 8;
    %jmp/0xz  T_17.12, 8;
    %load/vec4 v0x56106285a430_0;
    %ix/load 4, 8, 0;
    %flag_set/imm 4, 0;
    %shiftl 4;
    %assign/vec4 v0x56106285a510_0, 0;
    %load/vec4 v0x56106285a280_0;
    %addi 1, 0, 4;
    %assign/vec4 v0x56106285a320_0, 0;
    %pushi/vec4 1, 0, 1;
    %assign/vec4 v0x56106285aaa0_0, 0;
T_17.12 ;
T_17.11 ;
T_17.8 ;
    %load/vec4 v0x56106285a430_0;
    %parti/s 8, 120, 8;
    %assign/vec4 v0x56106285a6b0_0, 0;
    %jmp T_17;
    .thread T_17;
    .scope S_0x561062857950;
T_18 ;
    %wait E_0x5610627f9a50;
    %pushi/vec4 0, 0, 8;
    %assign/vec4 v0x561062857c00_0, 0;
    %pushi/vec4 0, 0, 1;
    %assign/vec4 v0x561062857d80_0, 0;
    %jmp T_18;
    .thread T_18;
    .scope S_0x561062857950;
T_19 ;
    %wait E_0x5610627fa150;
    %load/vec4 v0x561062857c00_0;
    %addi 1, 0, 8;
    %assign/vec4 v0x561062857c00_0, 0;
    %load/vec4 v0x561062857c00_0;
    %pad/u 32;
    %cmpi/e 15, 0, 32;
    %jmp/0xz  T_19.0, 4;
    %load/vec4 v0x561062857d80_0;
    %nor/r;
    %assign/vec4 v0x561062857d80_0, 0;
    %pushi/vec4 0, 0, 8;
    %assign/vec4 v0x561062857c00_0, 0;
T_19.0 ;
    %jmp T_19;
    .thread T_19;
    .scope S_0x5610628566d0;
T_20 ;
    %wait E_0x5610627fa8c0;
    %pushi/vec4 0, 0, 2;
    %assign/vec4 v0x561062857390_0, 0;
    %pushi/vec4 0, 0, 2;
    %assign/vec4 v0x5610628572b0_0, 0;
    %pushi/vec4 0, 0, 4;
    %assign/vec4 v0x561062857080_0, 0;
    %pushi/vec4 0, 0, 4;
    %assign/vec4 v0x561062856fa0_0, 0;
    %pushi/vec4 0, 0, 3;
    %assign/vec4 v0x561062856e20_0, 0;
    %pushi/vec4 0, 0, 3;
    %assign/vec4 v0x561062856cf0_0, 0;
    %pushi/vec4 0, 0, 8;
    %assign/vec4 v0x561062856ab0_0, 0;
    %pushi/vec4 0, 0, 8;
    %assign/vec4 v0x5610628569b0_0, 0;
    %pushi/vec4 1, 0, 1;
    %assign/vec4 v0x5610628576b0_0, 0;
    %pushi/vec4 1, 0, 1;
    %assign/vec4 v0x5610628575f0_0, 0;
    %jmp T_20;
    .thread T_20, $push;
    .scope S_0x5610628566d0;
T_21 ;
    %wait E_0x5610627fa150;
    %load/vec4 v0x5610628572b0_0;
    %assign/vec4 v0x561062857390_0, 0;
    %load/vec4 v0x561062856fa0_0;
    %assign/vec4 v0x561062857080_0, 0;
    %load/vec4 v0x561062856cf0_0;
    %assign/vec4 v0x561062856e20_0, 0;
    %load/vec4 v0x5610628569b0_0;
    %assign/vec4 v0x561062856ab0_0, 0;
    %load/vec4 v0x5610628575f0_0;
    %assign/vec4 v0x5610628576b0_0, 0;
    %pushi/vec4 0, 0, 1;
    %assign/vec4 v0x561062857530_0, 0;
    %load/vec4 v0x561062857390_0;
    %pad/u 32;
    %cmpi/e 0, 0, 32;
    %jmp/0xz  T_21.0, 4;
    %pushi/vec4 1, 0, 1;
    %assign/vec4 v0x5610628575f0_0, 0;
    %load/vec4 v0x561062857770_0;
    %pad/u 32;
    %cmpi/e 1, 0, 32;
    %jmp/0xz  T_21.2, 4;
    %pushi/vec4 1, 0, 2;
    %assign/vec4 v0x5610628572b0_0, 0;
    %pushi/vec4 0, 0, 4;
    %assign/vec4 v0x561062856fa0_0, 0;
    %load/vec4 v0x561062856c30_0;
    %assign/vec4 v0x5610628569b0_0, 0;
T_21.2 ;
T_21.0 ;
    %load/vec4 v0x561062857390_0;
    %pad/u 32;
    %cmpi/e 1, 0, 32;
    %jmp/0xz  T_21.4, 4;
    %pushi/vec4 0, 0, 1;
    %assign/vec4 v0x5610628575f0_0, 0;
    %load/vec4 v0x5610628571f0_0;
    %pad/u 32;
    %cmpi/e 1, 0, 32;
    %jmp/0xz  T_21.6, 4;
    %load/vec4 v0x561062857080_0;
    %pad/u 32;
    %cmpi/e 15, 0, 32;
    %jmp/0xz  T_21.8, 4;
    %pushi/vec4 2, 0, 2;
    %assign/vec4 v0x5610628572b0_0, 0;
    %pushi/vec4 0, 0, 4;
    %assign/vec4 v0x561062856fa0_0, 0;
    %pushi/vec4 0, 0, 3;
    %assign/vec4 v0x561062856cf0_0, 0;
    %jmp T_21.9;
T_21.8 ;
    %load/vec4 v0x561062857080_0;
    %addi 1, 0, 4;
    %assign/vec4 v0x561062856fa0_0, 0;
T_21.9 ;
T_21.6 ;
T_21.4 ;
    %load/vec4 v0x561062857390_0;
    %pad/u 32;
    %cmpi/e 2, 0, 32;
    %jmp/0xz  T_21.10, 4;
    %load/vec4 v0x561062856ab0_0;
    %parti/s 1, 7, 4;
    %assign/vec4 v0x5610628575f0_0, 0;
    %load/vec4 v0x5610628571f0_0;
    %pad/u 32;
    %cmpi/e 1, 0, 32;
    %jmp/0xz  T_21.12, 4;
    %load/vec4 v0x561062857080_0;
    %pad/u 32;
    %cmpi/e 15, 0, 32;
    %jmp/0xz  T_21.14, 4;
    %pushi/vec4 0, 0, 4;
    %assign/vec4 v0x561062856fa0_0, 0;
    %load/vec4 v0x561062856ab0_0;
    %ix/load 4, 1, 0;
    %flag_set/imm 4, 0;
    %shiftl 4;
    %assign/vec4 v0x5610628569b0_0, 0;
    %load/vec4 v0x561062856e20_0;
    %pad/u 32;
    %cmpi/e 7, 0, 32;
    %jmp/0xz  T_21.16, 4;
    %pushi/vec4 3, 0, 2;
    %assign/vec4 v0x5610628572b0_0, 0;
    %jmp T_21.17;
T_21.16 ;
    %load/vec4 v0x561062856e20_0;
    %addi 1, 0, 3;
    %assign/vec4 v0x561062856cf0_0, 0;
T_21.17 ;
    %jmp T_21.15;
T_21.14 ;
    %load/vec4 v0x561062857080_0;
    %addi 1, 0, 4;
    %assign/vec4 v0x561062856fa0_0, 0;
T_21.15 ;
T_21.12 ;
T_21.10 ;
    %load/vec4 v0x561062857390_0;
    %pad/u 32;
    %cmpi/e 3, 0, 32;
    %jmp/0xz  T_21.18, 4;
    %pushi/vec4 1, 0, 1;
    %assign/vec4 v0x5610628575f0_0, 0;
    %load/vec4 v0x5610628571f0_0;
    %pad/u 32;
    %cmpi/e 1, 0, 32;
    %jmp/0xz  T_21.20, 4;
    %load/vec4 v0x561062857080_0;
    %pad/u 32;
    %cmpi/e 15, 0, 32;
    %jmp/0xz  T_21.22, 4;
    %pushi/vec4 0, 0, 2;
    %assign/vec4 v0x5610628572b0_0, 0;
    %pushi/vec4 1, 0, 1;
    %assign/vec4 v0x561062857530_0, 0;
    %jmp T_21.23;
T_21.22 ;
    %load/vec4 v0x561062857080_0;
    %addi 1, 0, 4;
    %assign/vec4 v0x561062856fa0_0, 0;
T_21.23 ;
T_21.20 ;
T_21.18 ;
    %load/vec4 v0x5610628576b0_0;
    %assign/vec4 v0x561062857470_0, 0;
    %jmp T_21;
    .thread T_21;
    .scope S_0x5610627e3820;
T_22 ;
    %wait E_0x5610627f9650;
    %delay 5, 0;
    %load/vec4 v0x56106285e440_0;
    %nor/r;
    %assign/vec4 v0x56106285e440_0, 0;
    %jmp T_22;
    .thread T_22, $push;
    .scope S_0x5610627e3820;
T_23 ;
    %vpi_call 2 24 "$dumpfile", "Top.vcd" {0 0 0};
    %vpi_call 2 25 "$dumpvars", 32'sb00000000000000000000000000000000, S_0x5610627e3820 {0 0 0};
    %pushi/vec4 1, 0, 1;
    %assign/vec4 v0x56106285e820_0, 0;
    %pushi/vec4 0, 0, 1;
    %assign/vec4 v0x56106285e820_0, 0;
    %pushi/vec4 0, 0, 1;
    %assign/vec4 v0x56106285e440_0, 0;
    %pushi/vec4 0, 0, 8;
    %assign/vec4 v0x56106285e5d0_0, 0;
    %pushi/vec4 1, 0, 1;
    %assign/vec4 v0x56106285eaa0_0, 0;
    %delay 10, 0;
    %pushi/vec4 0, 0, 1;
    %assign/vec4 v0x56106285eaa0_0, 0;
    %delay 10000, 0;
    %pushi/vec4 17, 0, 8;
    %assign/vec4 v0x56106285e5d0_0, 0;
    %pushi/vec4 1, 0, 1;
    %assign/vec4 v0x56106285eaa0_0, 0;
    %delay 10, 0;
    %pushi/vec4 0, 0, 1;
    %assign/vec4 v0x56106285eaa0_0, 0;
    %delay 10000, 0;
    %pushi/vec4 34, 0, 8;
    %assign/vec4 v0x56106285e5d0_0, 0;
    %pushi/vec4 1, 0, 1;
    %assign/vec4 v0x56106285eaa0_0, 0;
    %delay 10, 0;
    %pushi/vec4 0, 0, 1;
    %assign/vec4 v0x56106285eaa0_0, 0;
    %delay 10000, 0;
    %pushi/vec4 51, 0, 8;
    %assign/vec4 v0x56106285e5d0_0, 0;
    %pushi/vec4 1, 0, 1;
    %assign/vec4 v0x56106285eaa0_0, 0;
    %delay 10, 0;
    %pushi/vec4 0, 0, 1;
    %assign/vec4 v0x56106285eaa0_0, 0;
    %delay 10000, 0;
    %pushi/vec4 68, 0, 8;
    %assign/vec4 v0x56106285e5d0_0, 0;
    %pushi/vec4 1, 0, 1;
    %assign/vec4 v0x56106285eaa0_0, 0;
    %delay 10, 0;
    %pushi/vec4 0, 0, 1;
    %assign/vec4 v0x56106285eaa0_0, 0;
    %delay 10000, 0;
    %pushi/vec4 85, 0, 8;
    %assign/vec4 v0x56106285e5d0_0, 0;
    %pushi/vec4 1, 0, 1;
    %assign/vec4 v0x56106285eaa0_0, 0;
    %delay 10, 0;
    %pushi/vec4 0, 0, 1;
    %assign/vec4 v0x56106285eaa0_0, 0;
    %delay 10000, 0;
    %pushi/vec4 102, 0, 8;
    %assign/vec4 v0x56106285e5d0_0, 0;
    %pushi/vec4 1, 0, 1;
    %assign/vec4 v0x56106285eaa0_0, 0;
    %delay 10, 0;
    %pushi/vec4 0, 0, 1;
    %assign/vec4 v0x56106285eaa0_0, 0;
    %delay 10000, 0;
    %pushi/vec4 119, 0, 8;
    %assign/vec4 v0x56106285e5d0_0, 0;
    %pushi/vec4 1, 0, 1;
    %assign/vec4 v0x56106285eaa0_0, 0;
    %delay 10, 0;
    %pushi/vec4 0, 0, 1;
    %assign/vec4 v0x56106285eaa0_0, 0;
    %delay 10000, 0;
    %pushi/vec4 136, 0, 8;
    %assign/vec4 v0x56106285e5d0_0, 0;
    %pushi/vec4 1, 0, 1;
    %assign/vec4 v0x56106285eaa0_0, 0;
    %delay 10, 0;
    %pushi/vec4 0, 0, 1;
    %assign/vec4 v0x56106285eaa0_0, 0;
    %delay 10000, 0;
    %pushi/vec4 153, 0, 8;
    %assign/vec4 v0x56106285e5d0_0, 0;
    %pushi/vec4 1, 0, 1;
    %assign/vec4 v0x56106285eaa0_0, 0;
    %delay 10, 0;
    %pushi/vec4 0, 0, 1;
    %assign/vec4 v0x56106285eaa0_0, 0;
    %delay 10000, 0;
    %pushi/vec4 170, 0, 8;
    %assign/vec4 v0x56106285e5d0_0, 0;
    %pushi/vec4 1, 0, 1;
    %assign/vec4 v0x56106285eaa0_0, 0;
    %delay 10, 0;
    %pushi/vec4 0, 0, 1;
    %assign/vec4 v0x56106285eaa0_0, 0;
    %delay 10000, 0;
    %pushi/vec4 187, 0, 8;
    %assign/vec4 v0x56106285e5d0_0, 0;
    %pushi/vec4 1, 0, 1;
    %assign/vec4 v0x56106285eaa0_0, 0;
    %delay 10, 0;
    %pushi/vec4 0, 0, 1;
    %assign/vec4 v0x56106285eaa0_0, 0;
    %delay 10000, 0;
    %pushi/vec4 204, 0, 8;
    %assign/vec4 v0x56106285e5d0_0, 0;
    %pushi/vec4 1, 0, 1;
    %assign/vec4 v0x56106285eaa0_0, 0;
    %delay 10, 0;
    %pushi/vec4 0, 0, 1;
    %assign/vec4 v0x56106285eaa0_0, 0;
    %delay 10000, 0;
    %pushi/vec4 221, 0, 8;
    %assign/vec4 v0x56106285e5d0_0, 0;
    %pushi/vec4 1, 0, 1;
    %assign/vec4 v0x56106285eaa0_0, 0;
    %delay 10, 0;
    %pushi/vec4 0, 0, 1;
    %assign/vec4 v0x56106285eaa0_0, 0;
    %delay 10000, 0;
    %pushi/vec4 238, 0, 8;
    %assign/vec4 v0x56106285e5d0_0, 0;
    %pushi/vec4 1, 0, 1;
    %assign/vec4 v0x56106285eaa0_0, 0;
    %delay 10, 0;
    %pushi/vec4 0, 0, 1;
    %assign/vec4 v0x56106285eaa0_0, 0;
    %delay 10000, 0;
    %pushi/vec4 255, 0, 8;
    %assign/vec4 v0x56106285e5d0_0, 0;
    %pushi/vec4 1, 0, 1;
    %assign/vec4 v0x56106285eaa0_0, 0;
    %delay 10, 0;
    %pushi/vec4 0, 0, 1;
    %assign/vec4 v0x56106285eaa0_0, 0;
    %delay 10000, 0;
    %pushi/vec4 1, 0, 1;
    %assign/vec4 v0x56106285e270_0, 0;
    %pushi/vec4 3735928559, 0, 32;
    %concati/vec4 3735928559, 0, 32;
    %concati/vec4 3735928559, 0, 32;
    %concati/vec4 3735928559, 0, 32;
    %assign/vec4 v0x56106285e4e0_0, 0;
    %delay 1000000, 0;
    %vpi_call 2 132 "$finish" {0 0 0};
    %end;
    .thread T_23;
# The file index is used to find the file name in the following table.
:file_names 14;
    "N/A";
    "<interactive>";
    "comm_module_tb.v";
    "./communication_module.v";
    "./control_block.v";
    "./UART_rx.v";
    "./UART_receiver.v";
    "./sampleTick_generator_rx.v";
    "./fifo_buffer.v";
    "./rx_shift.v";
    "./UART_tx.v";
    "./UART_transmitter.v";
    "./sampleTick_generator_tx.v";
    "./tx_shift.v";
